{"C:\\Users\\USER\\Documents\\portfolio-shared\\src\\lib\\security.ts": {"path":"C:\\Users\\USER\\Documents\\portfolio-shared\\src\\lib\\security.ts","statementMap":{"0":{"start":{"line":1,"column":40},"end":{"line":1,"column":null}},"1":{"start":{"line":16,"column":2},"end":{"line":16,"column":null}},"2":{"start":{"line":20,"column":19},"end":{"line":24,"column":null}},"3":{"start":{"line":26,"column":21},"end":{"line":26,"column":null}},"4":{"start":{"line":27,"column":24},"end":{"line":27,"column":null}},"5":{"start":{"line":38,"column":2},"end":{"line":38,"column":null}},"6":{"start":{"line":38,"column":11},"end":{"line":38,"column":null}},"7":{"start":{"line":40,"column":14},"end":{"line":40,"column":null}},"8":{"start":{"line":41,"column":18},"end":{"line":41,"column":null}},"9":{"start":{"line":44,"column":2},"end":{"line":47,"column":null}},"10":{"start":{"line":45,"column":4},"end":{"line":45,"column":null}},"11":{"start":{"line":46,"column":4},"end":{"line":46,"column":null}},"12":{"start":{"line":50,"column":2},"end":{"line":52,"column":null}},"13":{"start":{"line":51,"column":4},"end":{"line":51,"column":null}},"14":{"start":{"line":55,"column":2},"end":{"line":57,"column":null}},"15":{"start":{"line":56,"column":4},"end":{"line":56,"column":null}},"16":{"start":{"line":60,"column":2},"end":{"line":64,"column":null}},"17":{"start":{"line":61,"column":4},"end":{"line":61,"column":null}},"18":{"start":{"line":62,"column":4},"end":{"line":62,"column":null}},"19":{"start":{"line":63,"column":4},"end":{"line":63,"column":null}},"20":{"start":{"line":66,"column":2},"end":{"line":66,"column":null}},"21":{"start":{"line":67,"column":2},"end":{"line":67,"column":null}},"22":{"start":{"line":68,"column":2},"end":{"line":68,"column":null}},"23":{"start":{"line":70,"column":2},"end":{"line":70,"column":null}},"24":{"start":{"line":80,"column":2},"end":{"line":80,"column":null}},"25":{"start":{"line":80,"column":11},"end":{"line":80,"column":null}},"26":{"start":{"line":81,"column":2},"end":{"line":81,"column":null}},"27":{"start":{"line":86,"column":2},"end":{"line":89,"column":null}},"28":{"start":{"line":96,"column":24},"end":{"line":138,"column":null}},"29":{"start":{"line":104,"column":4},"end":{"line":104,"column":null}},"30":{"start":{"line":104,"column":35},"end":{"line":104,"column":null}},"31":{"start":{"line":105,"column":4},"end":{"line":116,"column":null}},"32":{"start":{"line":107,"column":49},"end":{"line":113,"column":null}},"33":{"start":{"line":114,"column":8},"end":{"line":114,"column":null}},"34":{"start":{"line":120,"column":4},"end":{"line":120,"column":null}},"35":{"start":{"line":124,"column":4},"end":{"line":127,"column":null}},"36":{"start":{"line":131,"column":4},"end":{"line":136,"column":null}},"37":{"start":{"line":147,"column":2},"end":{"line":147,"column":null}},"38":{"start":{"line":158,"column":2},"end":{"line":158,"column":null}},"39":{"start":{"line":158,"column":31},"end":{"line":158,"column":null}},"40":{"start":{"line":159,"column":2},"end":{"line":159,"column":null}},"41":{"start":{"line":159,"column":57},"end":{"line":159,"column":null}},"42":{"start":{"line":162,"column":2},"end":{"line":162,"column":null}},"43":{"start":{"line":166,"column":24},"end":{"line":223,"column":null}},"44":{"start":{"line":168,"column":4},"end":{"line":168,"column":null}},"45":{"start":{"line":172,"column":4},"end":{"line":177,"column":null}},"46":{"start":{"line":173,"column":6},"end":{"line":173,"column":null}},"47":{"start":{"line":174,"column":6},"end":{"line":174,"column":null}},"48":{"start":{"line":176,"column":6},"end":{"line":176,"column":null}},"49":{"start":{"line":181,"column":4},"end":{"line":181,"column":null}},"50":{"start":{"line":185,"column":4},"end":{"line":185,"column":null}},"51":{"start":{"line":196,"column":29},"end":{"line":196,"column":null}},"52":{"start":{"line":198,"column":4},"end":{"line":200,"column":null}},"53":{"start":{"line":199,"column":6},"end":{"line":199,"column":null}},"54":{"start":{"line":202,"column":4},"end":{"line":204,"column":null}},"55":{"start":{"line":203,"column":6},"end":{"line":203,"column":null}},"56":{"start":{"line":206,"column":4},"end":{"line":208,"column":null}},"57":{"start":{"line":207,"column":6},"end":{"line":207,"column":null}},"58":{"start":{"line":210,"column":4},"end":{"line":212,"column":null}},"59":{"start":{"line":211,"column":6},"end":{"line":211,"column":null}},"60":{"start":{"line":214,"column":4},"end":{"line":216,"column":null}},"61":{"start":{"line":215,"column":6},"end":{"line":215,"column":null}},"62":{"start":{"line":218,"column":4},"end":{"line":221,"column":null}},"63":{"start":{"line":227,"column":2},"end":{"line":232,"column":null}},"64":{"start":{"line":228,"column":19},"end":{"line":228,"column":null}},"65":{"start":{"line":229,"column":4},"end":{"line":229,"column":null}},"66":{"start":{"line":231,"column":4},"end":{"line":231,"column":null}},"67":{"start":{"line":237,"column":27},"end":{"line":237,"column":null}},"68":{"start":{"line":239,"column":2},"end":{"line":241,"column":null}},"69":{"start":{"line":240,"column":4},"end":{"line":240,"column":null}},"70":{"start":{"line":243,"column":18},"end":{"line":243,"column":null}},"71":{"start":{"line":246,"column":2},"end":{"line":250,"column":null}},"72":{"start":{"line":247,"column":4},"end":{"line":247,"column":null}},"73":{"start":{"line":248,"column":2},"end":{"line":250,"column":null}},"74":{"start":{"line":249,"column":4},"end":{"line":249,"column":null}},"75":{"start":{"line":253,"column":2},"end":{"line":257,"column":null}},"76":{"start":{"line":254,"column":4},"end":{"line":254,"column":null}},"77":{"start":{"line":255,"column":2},"end":{"line":257,"column":null}},"78":{"start":{"line":256,"column":4},"end":{"line":256,"column":null}},"79":{"start":{"line":260,"column":2},"end":{"line":262,"column":null}},"80":{"start":{"line":261,"column":4},"end":{"line":261,"column":null}},"81":{"start":{"line":265,"column":2},"end":{"line":267,"column":null}},"82":{"start":{"line":266,"column":4},"end":{"line":266,"column":null}},"83":{"start":{"line":270,"column":2},"end":{"line":277,"column":null}},"84":{"start":{"line":271,"column":4},"end":{"line":271,"column":null}},"85":{"start":{"line":272,"column":2},"end":{"line":277,"column":null}},"86":{"start":{"line":273,"column":18},"end":{"line":273,"column":null}},"87":{"start":{"line":274,"column":4},"end":{"line":276,"column":null}},"88":{"start":{"line":274,"column":27},"end":{"line":274,"column":51}},"89":{"start":{"line":275,"column":6},"end":{"line":275,"column":null}},"90":{"start":{"line":279,"column":2},"end":{"line":282,"column":null}},"91":{"start":{"line":287,"column":20},"end":{"line":287,"column":null}},"92":{"start":{"line":288,"column":17},"end":{"line":288,"column":null}},"93":{"start":{"line":289,"column":15},"end":{"line":289,"column":null}},"94":{"start":{"line":291,"column":2},"end":{"line":291,"column":null}},"95":{"start":{"line":291,"column":12},"end":{"line":291,"column":null}},"96":{"start":{"line":292,"column":2},"end":{"line":292,"column":null}},"97":{"start":{"line":292,"column":14},"end":{"line":292,"column":null}},"98":{"start":{"line":293,"column":2},"end":{"line":293,"column":null}},"99":{"start":{"line":293,"column":17},"end":{"line":293,"column":null}},"100":{"start":{"line":295,"column":2},"end":{"line":295,"column":null}},"101":{"start":{"line":300,"column":14},"end":{"line":300,"column":null}},"102":{"start":{"line":301,"column":17},"end":{"line":301,"column":null}},"103":{"start":{"line":303,"column":2},"end":{"line":307,"column":null}},"104":{"start":{"line":304,"column":4},"end":{"line":306,"column":null}},"105":{"start":{"line":305,"column":6},"end":{"line":305,"column":null}}},"fnMap":{"0":{"name":"generateSecureToken","decl":{"start":{"line":15,"column":16},"end":{"line":15,"column":46}},"loc":{"start":{"line":15,"column":46},"end":{"line":17,"column":null}},"line":15},"1":{"name":"checkRateLimit","decl":{"start":{"line":37,"column":16},"end":{"line":37,"column":31}},"loc":{"start":{"line":37,"column":52},"end":{"line":71,"column":null}},"line":37},"2":{"name":"resetRateLimit","decl":{"start":{"line":79,"column":16},"end":{"line":79,"column":31}},"loc":{"start":{"line":79,"column":49},"end":{"line":82,"column":null}},"line":79},"3":{"name":"sanitizeInput","decl":{"start":{"line":85,"column":16},"end":{"line":85,"column":30}},"loc":{"start":{"line":85,"column":53},"end":{"line":90,"column":null}},"line":85},"4":{"name":"(anonymous_4)","decl":{"start":{"line":103,"column":8},"end":{"line":103,"column":9}},"loc":{"start":{"line":103,"column":35},"end":{"line":117,"column":null}},"line":103},"5":{"name":"(anonymous_5)","decl":{"start":{"line":106,"column":27},"end":{"line":106,"column":28}},"loc":{"start":{"line":106,"column":37},"end":{"line":115,"column":7}},"line":106},"6":{"name":"(anonymous_6)","decl":{"start":{"line":119,"column":9},"end":{"line":119,"column":10}},"loc":{"start":{"line":119,"column":36},"end":{"line":121,"column":null}},"line":119},"7":{"name":"(anonymous_7)","decl":{"start":{"line":123,"column":12},"end":{"line":123,"column":13}},"loc":{"start":{"line":123,"column":39},"end":{"line":128,"column":null}},"line":123},"8":{"name":"(anonymous_8)","decl":{"start":{"line":130,"column":7},"end":{"line":130,"column":8}},"loc":{"start":{"line":130,"column":34},"end":{"line":137,"column":null}},"line":130},"9":{"name":"generateCSRFToken","decl":{"start":{"line":146,"column":16},"end":{"line":146,"column":44}},"loc":{"start":{"line":146,"column":44},"end":{"line":148,"column":null}},"line":146},"10":{"name":"validateCSRFToken","decl":{"start":{"line":157,"column":16},"end":{"line":157,"column":34}},"loc":{"start":{"line":157,"column":80},"end":{"line":163,"column":null}},"line":157},"11":{"name":"(anonymous_11)","decl":{"start":{"line":167,"column":9},"end":{"line":167,"column":10}},"loc":{"start":{"line":167,"column":37},"end":{"line":169,"column":null}},"line":167},"12":{"name":"(anonymous_12)","decl":{"start":{"line":171,"column":7},"end":{"line":171,"column":8}},"loc":{"start":{"line":171,"column":33},"end":{"line":178,"column":null}},"line":171},"13":{"name":"(anonymous_13)","decl":{"start":{"line":180,"column":10},"end":{"line":180,"column":11}},"loc":{"start":{"line":180,"column":78},"end":{"line":182,"column":null}},"line":180},"14":{"name":"(anonymous_14)","decl":{"start":{"line":184,"column":16},"end":{"line":184,"column":17}},"loc":{"start":{"line":184,"column":43},"end":{"line":186,"column":null}},"line":184},"15":{"name":"(anonymous_15)","decl":{"start":{"line":195,"column":18},"end":{"line":195,"column":19}},"loc":{"start":{"line":195,"column":78},"end":{"line":222,"column":null}},"line":195},"16":{"name":"isValidUrl","decl":{"start":{"line":226,"column":16},"end":{"line":226,"column":27}},"loc":{"start":{"line":226,"column":49},"end":{"line":233,"column":null}},"line":226},"17":{"name":"validateProjectData","decl":{"start":{"line":236,"column":16},"end":{"line":236,"column":36}},"loc":{"start":{"line":236,"column":69},"end":{"line":283,"column":null}},"line":236},"18":{"name":"(anonymous_18)","decl":{"start":{"line":274,"column":19},"end":{"line":274,"column":27}},"loc":{"start":{"line":274,"column":27},"end":{"line":274,"column":51}},"line":274},"19":{"name":"getClientIP","decl":{"start":{"line":286,"column":16},"end":{"line":286,"column":28}},"loc":{"start":{"line":286,"column":54},"end":{"line":296,"column":null}},"line":286},"20":{"name":"cleanupRateLimits","decl":{"start":{"line":299,"column":16},"end":{"line":299,"column":42}},"loc":{"start":{"line":299,"column":42},"end":{"line":308,"column":null}},"line":299}},"branchMap":{"0":{"loc":{"start":{"line":38,"column":2},"end":{"line":38,"column":null}},"type":"if","locations":[{"start":{"line":38,"column":2},"end":{"line":38,"column":null}},{"start":{},"end":{}}],"line":38},"1":{"loc":{"start":{"line":41,"column":18},"end":{"line":41,"column":null}},"type":"binary-expr","locations":[{"start":{"line":41,"column":18},"end":{"line":41,"column":40}},{"start":{"line":41,"column":40},"end":{"line":41,"column":null}}],"line":41},"2":{"loc":{"start":{"line":44,"column":2},"end":{"line":47,"column":null}},"type":"if","locations":[{"start":{"line":44,"column":2},"end":{"line":47,"column":null}},{"start":{},"end":{}}],"line":44},"3":{"loc":{"start":{"line":44,"column":6},"end":{"line":44,"column":56}},"type":"binary-expr","locations":[{"start":{"line":44,"column":6},"end":{"line":44,"column":29}},{"start":{"line":44,"column":29},"end":{"line":44,"column":56}}],"line":44},"4":{"loc":{"start":{"line":50,"column":2},"end":{"line":52,"column":null}},"type":"if","locations":[{"start":{"line":50,"column":2},"end":{"line":52,"column":null}},{"start":{},"end":{}}],"line":50},"5":{"loc":{"start":{"line":50,"column":6},"end":{"line":50,"column":57}},"type":"binary-expr","locations":[{"start":{"line":50,"column":6},"end":{"line":50,"column":29}},{"start":{"line":50,"column":29},"end":{"line":50,"column":57}}],"line":50},"6":{"loc":{"start":{"line":55,"column":2},"end":{"line":57,"column":null}},"type":"if","locations":[{"start":{"line":55,"column":2},"end":{"line":57,"column":null}},{"start":{},"end":{}}],"line":55},"7":{"loc":{"start":{"line":60,"column":2},"end":{"line":64,"column":null}},"type":"if","locations":[{"start":{"line":60,"column":2},"end":{"line":64,"column":null}},{"start":{},"end":{}}],"line":60},"8":{"loc":{"start":{"line":80,"column":2},"end":{"line":80,"column":null}},"type":"if","locations":[{"start":{"line":80,"column":2},"end":{"line":80,"column":null}},{"start":{},"end":{}}],"line":80},"9":{"loc":{"start":{"line":104,"column":4},"end":{"line":104,"column":null}},"type":"if","locations":[{"start":{"line":104,"column":4},"end":{"line":104,"column":null}},{"start":{},"end":{}}],"line":104},"10":{"loc":{"start":{"line":114,"column":15},"end":{"line":114,"column":null}},"type":"binary-expr","locations":[{"start":{"line":114,"column":15},"end":{"line":114,"column":33}},{"start":{"line":114,"column":33},"end":{"line":114,"column":null}}],"line":114},"11":{"loc":{"start":{"line":158,"column":2},"end":{"line":158,"column":null}},"type":"if","locations":[{"start":{"line":158,"column":2},"end":{"line":158,"column":null}},{"start":{},"end":{}}],"line":158},"12":{"loc":{"start":{"line":158,"column":6},"end":{"line":158,"column":31}},"type":"binary-expr","locations":[{"start":{"line":158,"column":6},"end":{"line":158,"column":16}},{"start":{"line":158,"column":16},"end":{"line":158,"column":31}}],"line":158},"13":{"loc":{"start":{"line":159,"column":2},"end":{"line":159,"column":null}},"type":"if","locations":[{"start":{"line":159,"column":2},"end":{"line":159,"column":null}},{"start":{},"end":{}}],"line":159},"14":{"loc":{"start":{"line":159,"column":6},"end":{"line":159,"column":57}},"type":"binary-expr","locations":[{"start":{"line":159,"column":6},"end":{"line":159,"column":29}},{"start":{"line":159,"column":29},"end":{"line":159,"column":57}}],"line":159},"15":{"loc":{"start":{"line":180,"column":25},"end":{"line":180,"column":42}},"type":"default-arg","locations":[{"start":{"line":180,"column":39},"end":{"line":180,"column":42}}],"line":180},"16":{"loc":{"start":{"line":180,"column":42},"end":{"line":180,"column":78}},"type":"default-arg","locations":[{"start":{"line":180,"column":56},"end":{"line":180,"column":78}}],"line":180},"17":{"loc":{"start":{"line":181,"column":11},"end":{"line":181,"column":null}},"type":"binary-expr","locations":[{"start":{"line":181,"column":11},"end":{"line":181,"column":33}},{"start":{"line":181,"column":33},"end":{"line":181,"column":null}}],"line":181},"18":{"loc":{"start":{"line":198,"column":4},"end":{"line":200,"column":null}},"type":"if","locations":[{"start":{"line":198,"column":4},"end":{"line":200,"column":null}},{"start":{},"end":{}}],"line":198},"19":{"loc":{"start":{"line":202,"column":4},"end":{"line":204,"column":null}},"type":"if","locations":[{"start":{"line":202,"column":4},"end":{"line":204,"column":null}},{"start":{},"end":{}}],"line":202},"20":{"loc":{"start":{"line":206,"column":4},"end":{"line":208,"column":null}},"type":"if","locations":[{"start":{"line":206,"column":4},"end":{"line":208,"column":null}},{"start":{},"end":{}}],"line":206},"21":{"loc":{"start":{"line":210,"column":4},"end":{"line":212,"column":null}},"type":"if","locations":[{"start":{"line":210,"column":4},"end":{"line":212,"column":null}},{"start":{},"end":{}}],"line":210},"22":{"loc":{"start":{"line":214,"column":4},"end":{"line":216,"column":null}},"type":"if","locations":[{"start":{"line":214,"column":4},"end":{"line":216,"column":null}},{"start":{},"end":{}}],"line":214},"23":{"loc":{"start":{"line":239,"column":2},"end":{"line":241,"column":null}},"type":"if","locations":[{"start":{"line":239,"column":2},"end":{"line":241,"column":null}},{"start":{},"end":{}}],"line":239},"24":{"loc":{"start":{"line":239,"column":6},"end":{"line":239,"column":41}},"type":"binary-expr","locations":[{"start":{"line":239,"column":6},"end":{"line":239,"column":15}},{"start":{"line":239,"column":15},"end":{"line":239,"column":41}}],"line":239},"25":{"loc":{"start":{"line":246,"column":2},"end":{"line":250,"column":null}},"type":"if","locations":[{"start":{"line":246,"column":2},"end":{"line":250,"column":null}},{"start":{"line":248,"column":2},"end":{"line":250,"column":null}}],"line":246},"26":{"loc":{"start":{"line":246,"column":6},"end":{"line":246,"column":59}},"type":"binary-expr","locations":[{"start":{"line":246,"column":6},"end":{"line":246,"column":24}},{"start":{"line":246,"column":24},"end":{"line":246,"column":59}}],"line":246},"27":{"loc":{"start":{"line":248,"column":2},"end":{"line":250,"column":null}},"type":"if","locations":[{"start":{"line":248,"column":2},"end":{"line":250,"column":null}},{"start":{},"end":{}}],"line":248},"28":{"loc":{"start":{"line":248,"column":13},"end":{"line":248,"column":69}},"type":"binary-expr","locations":[{"start":{"line":248,"column":13},"end":{"line":248,"column":41}},{"start":{"line":248,"column":41},"end":{"line":248,"column":69}}],"line":248},"29":{"loc":{"start":{"line":253,"column":2},"end":{"line":257,"column":null}},"type":"if","locations":[{"start":{"line":253,"column":2},"end":{"line":257,"column":null}},{"start":{"line":255,"column":2},"end":{"line":257,"column":null}}],"line":253},"30":{"loc":{"start":{"line":253,"column":6},"end":{"line":253,"column":70}},"type":"binary-expr","locations":[{"start":{"line":253,"column":6},"end":{"line":253,"column":29}},{"start":{"line":253,"column":29},"end":{"line":253,"column":70}}],"line":253},"31":{"loc":{"start":{"line":255,"column":2},"end":{"line":257,"column":null}},"type":"if","locations":[{"start":{"line":255,"column":2},"end":{"line":257,"column":null}},{"start":{},"end":{}}],"line":255},"32":{"loc":{"start":{"line":255,"column":13},"end":{"line":255,"column":114}},"type":"binary-expr","locations":[{"start":{"line":255,"column":13},"end":{"line":255,"column":36}},{"start":{"line":255,"column":36},"end":{"line":255,"column":79}},{"start":{"line":255,"column":79},"end":{"line":255,"column":114}}],"line":255},"33":{"loc":{"start":{"line":260,"column":2},"end":{"line":262,"column":null}},"type":"if","locations":[{"start":{"line":260,"column":2},"end":{"line":262,"column":null}},{"start":{},"end":{}}],"line":260},"34":{"loc":{"start":{"line":260,"column":6},"end":{"line":260,"column":82}},"type":"binary-expr","locations":[{"start":{"line":260,"column":6},"end":{"line":260,"column":21}},{"start":{"line":260,"column":21},"end":{"line":260,"column":56}},{"start":{"line":260,"column":56},"end":{"line":260,"column":82}}],"line":260},"35":{"loc":{"start":{"line":265,"column":2},"end":{"line":267,"column":null}},"type":"if","locations":[{"start":{"line":265,"column":2},"end":{"line":267,"column":null}},{"start":{},"end":{}}],"line":265},"36":{"loc":{"start":{"line":265,"column":6},"end":{"line":265,"column":91}},"type":"binary-expr","locations":[{"start":{"line":265,"column":6},"end":{"line":265,"column":24}},{"start":{"line":265,"column":24},"end":{"line":265,"column":62}},{"start":{"line":265,"column":62},"end":{"line":265,"column":91}}],"line":265},"37":{"loc":{"start":{"line":270,"column":2},"end":{"line":277,"column":null}},"type":"if","locations":[{"start":{"line":270,"column":2},"end":{"line":277,"column":null}},{"start":{"line":272,"column":2},"end":{"line":277,"column":null}}],"line":270},"38":{"loc":{"start":{"line":270,"column":6},"end":{"line":270,"column":68}},"type":"binary-expr","locations":[{"start":{"line":270,"column":6},"end":{"line":270,"column":30}},{"start":{"line":270,"column":30},"end":{"line":270,"column":68}}],"line":270},"39":{"loc":{"start":{"line":272,"column":2},"end":{"line":277,"column":null}},"type":"if","locations":[{"start":{"line":272,"column":2},"end":{"line":277,"column":null}},{"start":{},"end":{}}],"line":272},"40":{"loc":{"start":{"line":274,"column":4},"end":{"line":276,"column":null}},"type":"if","locations":[{"start":{"line":274,"column":4},"end":{"line":276,"column":null}},{"start":{},"end":{}}],"line":274},"41":{"loc":{"start":{"line":291,"column":2},"end":{"line":291,"column":null}},"type":"if","locations":[{"start":{"line":291,"column":2},"end":{"line":291,"column":null}},{"start":{},"end":{}}],"line":291},"42":{"loc":{"start":{"line":292,"column":2},"end":{"line":292,"column":null}},"type":"if","locations":[{"start":{"line":292,"column":2},"end":{"line":292,"column":null}},{"start":{},"end":{}}],"line":292},"43":{"loc":{"start":{"line":293,"column":2},"end":{"line":293,"column":null}},"type":"if","locations":[{"start":{"line":293,"column":2},"end":{"line":293,"column":null}},{"start":{},"end":{}}],"line":293},"44":{"loc":{"start":{"line":304,"column":4},"end":{"line":306,"column":null}},"type":"if","locations":[{"start":{"line":304,"column":4},"end":{"line":306,"column":null}},{"start":{},"end":{}}],"line":304}},"s":{"0":1,"1":1,"2":1,"3":1,"4":1,"5":106,"6":0,"7":106,"8":106,"9":106,"10":0,"11":0,"12":106,"13":0,"14":106,"15":2,"16":106,"17":1,"18":1,"19":1,"20":105,"21":105,"22":105,"23":105,"24":2,"25":0,"26":2,"27":0,"28":1,"29":1,"30":0,"31":1,"32":6,"33":6,"34":1,"35":2,"36":1,"37":0,"38":0,"39":0,"40":0,"41":0,"42":0,"43":1,"44":2,"45":0,"46":0,"47":0,"48":0,"49":0,"50":0,"51":3,"52":3,"53":1,"54":3,"55":0,"56":3,"57":0,"58":3,"59":0,"60":3,"61":1,"62":3,"63":0,"64":0,"65":0,"66":0,"67":0,"68":0,"69":0,"70":0,"71":0,"72":0,"73":0,"74":0,"75":0,"76":0,"77":0,"78":0,"79":0,"80":0,"81":0,"82":0,"83":0,"84":0,"85":0,"86":0,"87":0,"88":0,"89":0,"90":0,"91":0,"92":0,"93":0,"94":0,"95":0,"96":0,"97":0,"98":0,"99":0,"100":0,"101":0,"102":0,"103":0,"104":0,"105":0},"f":{"0":1,"1":106,"2":2,"3":0,"4":1,"5":6,"6":1,"7":2,"8":1,"9":0,"10":0,"11":2,"12":0,"13":0,"14":0,"15":3,"16":0,"17":0,"18":0,"19":0,"20":0},"b":{"0":[0,106],"1":[106,2],"2":[0,106],"3":[106,0],"4":[0,106],"5":[106,0],"6":[2,104],"7":[1,105],"8":[0,2],"9":[0,1],"10":[6,0],"11":[0,0],"12":[0,0],"13":[0,0],"14":[0,0],"15":[0],"16":[0],"17":[0,0],"18":[1,2],"19":[0,3],"20":[0,3],"21":[0,3],"22":[1,2],"23":[0,0],"24":[0,0],"25":[0,0],"26":[0,0],"27":[0,0],"28":[0,0],"29":[0,0],"30":[0,0],"31":[0,0],"32":[0,0,0],"33":[0,0],"34":[0,0,0],"35":[0,0],"36":[0,0,0],"37":[0,0],"38":[0,0],"39":[0,0],"40":[0,0],"41":[0,0],"42":[0,0],"43":[0,0],"44":[0,0]},"meta":{"lastBranch":45,"lastFunction":21,"lastStatement":106,"seen":{"s:1:40:1:Infinity":0,"f:15:16:15:46":0,"s:16:2:16:Infinity":1,"s:20:19:24:Infinity":2,"s:26:21:26:Infinity":3,"s:27:24:27:Infinity":4,"f:37:16:37:31":1,"b:38:2:38:Infinity:undefined:undefined:undefined:undefined":0,"s:38:2:38:Infinity":5,"s:38:11:38:Infinity":6,"s:40:14:40:Infinity":7,"s:41:18:41:Infinity":8,"b:41:18:41:40:41:40:41:Infinity":1,"b:44:2:47:Infinity:undefined:undefined:undefined:undefined":2,"s:44:2:47:Infinity":9,"b:44:6:44:29:44:29:44:56":3,"s:45:4:45:Infinity":10,"s:46:4:46:Infinity":11,"b:50:2:52:Infinity:undefined:undefined:undefined:undefined":4,"s:50:2:52:Infinity":12,"b:50:6:50:29:50:29:50:57":5,"s:51:4:51:Infinity":13,"b:55:2:57:Infinity:undefined:undefined:undefined:undefined":6,"s:55:2:57:Infinity":14,"s:56:4:56:Infinity":15,"b:60:2:64:Infinity:undefined:undefined:undefined:undefined":7,"s:60:2:64:Infinity":16,"s:61:4:61:Infinity":17,"s:62:4:62:Infinity":18,"s:63:4:63:Infinity":19,"s:66:2:66:Infinity":20,"s:67:2:67:Infinity":21,"s:68:2:68:Infinity":22,"s:70:2:70:Infinity":23,"f:79:16:79:31":2,"b:80:2:80:Infinity:undefined:undefined:undefined:undefined":8,"s:80:2:80:Infinity":24,"s:80:11:80:Infinity":25,"s:81:2:81:Infinity":26,"f:85:16:85:30":3,"s:86:2:89:Infinity":27,"s:96:24:138:Infinity":28,"f:103:8:103:9":4,"b:104:4:104:Infinity:undefined:undefined:undefined:undefined":9,"s:104:4:104:Infinity":29,"s:104:35:104:Infinity":30,"s:105:4:116:Infinity":31,"f:106:27:106:28":5,"s:107:49:113:Infinity":32,"s:114:8:114:Infinity":33,"b:114:15:114:33:114:33:114:Infinity":10,"f:119:9:119:10":6,"s:120:4:120:Infinity":34,"f:123:12:123:13":7,"s:124:4:127:Infinity":35,"f:130:7:130:8":8,"s:131:4:136:Infinity":36,"f:146:16:146:44":9,"s:147:2:147:Infinity":37,"f:157:16:157:34":10,"b:158:2:158:Infinity:undefined:undefined:undefined:undefined":11,"s:158:2:158:Infinity":38,"b:158:6:158:16:158:16:158:31":12,"s:158:31:158:Infinity":39,"b:159:2:159:Infinity:undefined:undefined:undefined:undefined":13,"s:159:2:159:Infinity":40,"b:159:6:159:29:159:29:159:57":14,"s:159:57:159:Infinity":41,"s:162:2:162:Infinity":42,"s:166:24:223:Infinity":43,"f:167:9:167:10":11,"s:168:4:168:Infinity":44,"f:171:7:171:8":12,"s:172:4:177:Infinity":45,"s:173:6:173:Infinity":46,"s:174:6:174:Infinity":47,"s:176:6:176:Infinity":48,"f:180:10:180:11":13,"b:180:39:180:42":15,"b:180:56:180:78":16,"s:181:4:181:Infinity":49,"b:181:11:181:33:181:33:181:Infinity":17,"f:184:16:184:17":14,"s:185:4:185:Infinity":50,"f:195:18:195:19":15,"s:196:29:196:Infinity":51,"b:198:4:200:Infinity:undefined:undefined:undefined:undefined":18,"s:198:4:200:Infinity":52,"s:199:6:199:Infinity":53,"b:202:4:204:Infinity:undefined:undefined:undefined:undefined":19,"s:202:4:204:Infinity":54,"s:203:6:203:Infinity":55,"b:206:4:208:Infinity:undefined:undefined:undefined:undefined":20,"s:206:4:208:Infinity":56,"s:207:6:207:Infinity":57,"b:210:4:212:Infinity:undefined:undefined:undefined:undefined":21,"s:210:4:212:Infinity":58,"s:211:6:211:Infinity":59,"b:214:4:216:Infinity:undefined:undefined:undefined:undefined":22,"s:214:4:216:Infinity":60,"s:215:6:215:Infinity":61,"s:218:4:221:Infinity":62,"f:226:16:226:27":16,"s:227:2:232:Infinity":63,"s:228:19:228:Infinity":64,"s:229:4:229:Infinity":65,"s:231:4:231:Infinity":66,"f:236:16:236:36":17,"s:237:27:237:Infinity":67,"b:239:2:241:Infinity:undefined:undefined:undefined:undefined":23,"s:239:2:241:Infinity":68,"b:239:6:239:15:239:15:239:41":24,"s:240:4:240:Infinity":69,"s:243:18:243:Infinity":70,"b:246:2:250:Infinity:248:2:250:Infinity":25,"s:246:2:250:Infinity":71,"b:246:6:246:24:246:24:246:59":26,"s:247:4:247:Infinity":72,"b:248:2:250:Infinity:undefined:undefined:undefined:undefined":27,"s:248:2:250:Infinity":73,"b:248:13:248:41:248:41:248:69":28,"s:249:4:249:Infinity":74,"b:253:2:257:Infinity:255:2:257:Infinity":29,"s:253:2:257:Infinity":75,"b:253:6:253:29:253:29:253:70":30,"s:254:4:254:Infinity":76,"b:255:2:257:Infinity:undefined:undefined:undefined:undefined":31,"s:255:2:257:Infinity":77,"b:255:13:255:36:255:36:255:79:255:79:255:114":32,"s:256:4:256:Infinity":78,"b:260:2:262:Infinity:undefined:undefined:undefined:undefined":33,"s:260:2:262:Infinity":79,"b:260:6:260:21:260:21:260:56:260:56:260:82":34,"s:261:4:261:Infinity":80,"b:265:2:267:Infinity:undefined:undefined:undefined:undefined":35,"s:265:2:267:Infinity":81,"b:265:6:265:24:265:24:265:62:265:62:265:91":36,"s:266:4:266:Infinity":82,"b:270:2:277:Infinity:272:2:277:Infinity":37,"s:270:2:277:Infinity":83,"b:270:6:270:30:270:30:270:68":38,"s:271:4:271:Infinity":84,"b:272:2:277:Infinity:undefined:undefined:undefined:undefined":39,"s:272:2:277:Infinity":85,"s:273:18:273:Infinity":86,"b:274:4:276:Infinity:undefined:undefined:undefined:undefined":40,"s:274:4:276:Infinity":87,"f:274:19:274:27":18,"s:274:27:274:51":88,"s:275:6:275:Infinity":89,"s:279:2:282:Infinity":90,"f:286:16:286:28":19,"s:287:20:287:Infinity":91,"s:288:17:288:Infinity":92,"s:289:15:289:Infinity":93,"b:291:2:291:Infinity:undefined:undefined:undefined:undefined":41,"s:291:2:291:Infinity":94,"s:291:12:291:Infinity":95,"b:292:2:292:Infinity:undefined:undefined:undefined:undefined":42,"s:292:2:292:Infinity":96,"s:292:14:292:Infinity":97,"b:293:2:293:Infinity:undefined:undefined:undefined:undefined":43,"s:293:2:293:Infinity":98,"s:293:17:293:Infinity":99,"s:295:2:295:Infinity":100,"f:299:16:299:42":20,"s:300:14:300:Infinity":101,"s:301:17:301:Infinity":102,"s:303:2:307:Infinity":103,"b:304:4:306:Infinity:undefined:undefined:undefined:undefined":44,"s:304:4:306:Infinity":104,"s:305:6:305:Infinity":105}}}
,"C:\\Users\\USER\\Documents\\portfolio-shared\\src\\lib\\services\\projectService.ts": {"path":"C:\\Users\\USER\\Documents\\portfolio-shared\\src\\lib\\services\\projectService.ts","statementMap":{"0":{"start":{"line":9,"column":18},"end":{"line":9,"column":null}},"1":{"start":{"line":11,"column":30},"end":{"line":496,"column":null}},"2":{"start":{"line":25,"column":8},"end":{"line":105,"column":null}},"3":{"start":{"line":26,"column":44},"end":{"line":26,"column":null}},"4":{"start":{"line":27,"column":26},"end":{"line":27,"column":null}},"5":{"start":{"line":30,"column":12},"end":{"line":47,"column":null}},"6":{"start":{"line":31,"column":16},"end":{"line":31,"column":null}},"7":{"start":{"line":32,"column":16},"end":{"line":32,"column":null}},"8":{"start":{"line":38,"column":16},"end":{"line":46,"column":null}},"9":{"start":{"line":41,"column":35},"end":{"line":41,"column":null}},"10":{"start":{"line":42,"column":20},"end":{"line":42,"column":null}},"11":{"start":{"line":42,"column":50},"end":{"line":42,"column":null}},"12":{"start":{"line":44,"column":20},"end":{"line":44,"column":null}},"13":{"start":{"line":50,"column":12},"end":{"line":52,"column":null}},"14":{"start":{"line":51,"column":16},"end":{"line":51,"column":null}},"15":{"start":{"line":54,"column":12},"end":{"line":56,"column":null}},"16":{"start":{"line":55,"column":16},"end":{"line":55,"column":null}},"17":{"start":{"line":61,"column":27},"end":{"line":61,"column":null}},"18":{"start":{"line":64,"column":12},"end":{"line":66,"column":null}},"19":{"start":{"line":65,"column":16},"end":{"line":65,"column":null}},"20":{"start":{"line":65,"column":56},"end":{"line":65,"column":81}},"21":{"start":{"line":69,"column":45},"end":{"line":69,"column":null}},"22":{"start":{"line":70,"column":44},"end":{"line":70,"column":null}},"23":{"start":{"line":72,"column":12},"end":{"line":80,"column":null}},"24":{"start":{"line":73,"column":31},"end":{"line":73,"column":null}},"25":{"start":{"line":74,"column":16},"end":{"line":79,"column":null}},"26":{"start":{"line":75,"column":20},"end":{"line":75,"column":null}},"27":{"start":{"line":77,"column":20},"end":{"line":77,"column":null}},"28":{"start":{"line":78,"column":20},"end":{"line":78,"column":null}},"29":{"start":{"line":82,"column":12},"end":{"line":84,"column":null}},"30":{"start":{"line":83,"column":16},"end":{"line":83,"column":null}},"31":{"start":{"line":86,"column":35},"end":{"line":92,"column":null}},"32":{"start":{"line":89,"column":24},"end":{"line":91,"column":null}},"33":{"start":{"line":94,"column":12},"end":{"line":97,"column":null}},"34":{"start":{"line":99,"column":12},"end":{"line":99,"column":null}},"35":{"start":{"line":100,"column":33},"end":{"line":100,"column":null}},"36":{"start":{"line":101,"column":12},"end":{"line":104,"column":null}},"37":{"start":{"line":124,"column":8},"end":{"line":124,"column":null}},"38":{"start":{"line":126,"column":22},"end":{"line":126,"column":null}},"39":{"start":{"line":127,"column":41},"end":{"line":127,"column":null}},"40":{"start":{"line":130,"column":8},"end":{"line":137,"column":null}},"41":{"start":{"line":131,"column":12},"end":{"line":131,"column":null}},"42":{"start":{"line":132,"column":31},"end":{"line":132,"column":null}},"43":{"start":{"line":133,"column":12},"end":{"line":133,"column":null}},"44":{"start":{"line":135,"column":27},"end":{"line":135,"column":null}},"45":{"start":{"line":136,"column":12},"end":{"line":136,"column":null}},"46":{"start":{"line":140,"column":8},"end":{"line":145,"column":null}},"47":{"start":{"line":141,"column":31},"end":{"line":141,"column":null}},"48":{"start":{"line":142,"column":12},"end":{"line":144,"column":null}},"49":{"start":{"line":143,"column":16},"end":{"line":143,"column":null}},"50":{"start":{"line":148,"column":25},"end":{"line":148,"column":null}},"51":{"start":{"line":149,"column":19},"end":{"line":149,"column":null}},"52":{"start":{"line":150,"column":22},"end":{"line":150,"column":null}},"53":{"start":{"line":151,"column":8},"end":{"line":154,"column":null}},"54":{"start":{"line":151,"column":41},"end":{"line":151,"column":56}},"55":{"start":{"line":152,"column":12},"end":{"line":152,"column":null}},"56":{"start":{"line":153,"column":12},"end":{"line":153,"column":null}},"57":{"start":{"line":157,"column":36},"end":{"line":181,"column":null}},"58":{"start":{"line":184,"column":32},"end":{"line":184,"column":null}},"59":{"start":{"line":185,"column":28},"end":{"line":188,"column":null}},"60":{"start":{"line":191,"column":8},"end":{"line":215,"column":null}},"61":{"start":{"line":193,"column":28},"end":{"line":193,"column":null}},"62":{"start":{"line":194,"column":12},"end":{"line":194,"column":null}},"63":{"start":{"line":194,"column":26},"end":{"line":194,"column":null}},"64":{"start":{"line":197,"column":12},"end":{"line":207,"column":null}},"65":{"start":{"line":198,"column":16},"end":{"line":206,"column":null}},"66":{"start":{"line":199,"column":20},"end":{"line":202,"column":null}},"67":{"start":{"line":205,"column":20},"end":{"line":205,"column":null}},"68":{"start":{"line":210,"column":28},"end":{"line":213,"column":null}},"69":{"start":{"line":214,"column":12},"end":{"line":214,"column":null}},"70":{"start":{"line":214,"column":26},"end":{"line":214,"column":null}},"71":{"start":{"line":217,"column":8},"end":{"line":217,"column":null}},"72":{"start":{"line":234,"column":8},"end":{"line":234,"column":null}},"73":{"start":{"line":236,"column":22},"end":{"line":236,"column":null}},"74":{"start":{"line":237,"column":41},"end":{"line":237,"column":null}},"75":{"start":{"line":240,"column":8},"end":{"line":247,"column":null}},"76":{"start":{"line":241,"column":12},"end":{"line":241,"column":null}},"77":{"start":{"line":242,"column":31},"end":{"line":242,"column":null}},"78":{"start":{"line":243,"column":12},"end":{"line":243,"column":null}},"79":{"start":{"line":245,"column":27},"end":{"line":245,"column":null}},"80":{"start":{"line":246,"column":12},"end":{"line":246,"column":null}},"81":{"start":{"line":250,"column":22},"end":{"line":250,"column":null}},"82":{"start":{"line":250,"column":53},"end":{"line":250,"column":64}},"83":{"start":{"line":251,"column":8},"end":{"line":251,"column":null}},"84":{"start":{"line":251,"column":26},"end":{"line":251,"column":null}},"85":{"start":{"line":254,"column":24},"end":{"line":254,"column":null}},"86":{"start":{"line":255,"column":8},"end":{"line":260,"column":null}},"87":{"start":{"line":265,"column":8},"end":{"line":274,"column":null}},"88":{"start":{"line":266,"column":29},"end":{"line":266,"column":null}},"89":{"start":{"line":267,"column":26},"end":{"line":267,"column":null}},"90":{"start":{"line":268,"column":26},"end":{"line":268,"column":null}},"91":{"start":{"line":269,"column":12},"end":{"line":272,"column":null}},"92":{"start":{"line":269,"column":45},"end":{"line":269,"column":78}},"93":{"start":{"line":270,"column":16},"end":{"line":270,"column":null}},"94":{"start":{"line":271,"column":16},"end":{"line":271,"column":null}},"95":{"start":{"line":273,"column":12},"end":{"line":273,"column":null}},"96":{"start":{"line":276,"column":31},"end":{"line":280,"column":null}},"97":{"start":{"line":281,"column":8},"end":{"line":281,"column":null}},"98":{"start":{"line":283,"column":28},"end":{"line":286,"column":null}},"99":{"start":{"line":289,"column":8},"end":{"line":311,"column":null}},"100":{"start":{"line":290,"column":28},"end":{"line":290,"column":null}},"101":{"start":{"line":291,"column":12},"end":{"line":291,"column":null}},"102":{"start":{"line":291,"column":26},"end":{"line":291,"column":null}},"103":{"start":{"line":294,"column":12},"end":{"line":304,"column":null}},"104":{"start":{"line":295,"column":16},"end":{"line":303,"column":null}},"105":{"start":{"line":296,"column":20},"end":{"line":299,"column":null}},"106":{"start":{"line":302,"column":20},"end":{"line":302,"column":null}},"107":{"start":{"line":306,"column":28},"end":{"line":309,"column":null}},"108":{"start":{"line":310,"column":12},"end":{"line":310,"column":null}},"109":{"start":{"line":310,"column":26},"end":{"line":310,"column":null}},"110":{"start":{"line":313,"column":8},"end":{"line":313,"column":null}},"111":{"start":{"line":332,"column":22},"end":{"line":332,"column":null}},"112":{"start":{"line":333,"column":41},"end":{"line":333,"column":null}},"113":{"start":{"line":336,"column":8},"end":{"line":343,"column":null}},"114":{"start":{"line":337,"column":12},"end":{"line":337,"column":null}},"115":{"start":{"line":338,"column":31},"end":{"line":338,"column":null}},"116":{"start":{"line":339,"column":12},"end":{"line":339,"column":null}},"117":{"start":{"line":341,"column":27},"end":{"line":341,"column":null}},"118":{"start":{"line":342,"column":12},"end":{"line":342,"column":null}},"119":{"start":{"line":345,"column":32},"end":{"line":345,"column":null}},"120":{"start":{"line":345,"column":58},"end":{"line":345,"column":69}},"121":{"start":{"line":346,"column":8},"end":{"line":346,"column":null}},"122":{"start":{"line":346,"column":30},"end":{"line":346,"column":null}},"123":{"start":{"line":348,"column":30},"end":{"line":348,"column":null}},"124":{"start":{"line":349,"column":8},"end":{"line":349,"column":null}},"125":{"start":{"line":349,"column":54},"end":{"line":349,"column":65}},"126":{"start":{"line":351,"column":28},"end":{"line":354,"column":null}},"127":{"start":{"line":357,"column":8},"end":{"line":379,"column":null}},"128":{"start":{"line":358,"column":28},"end":{"line":358,"column":null}},"129":{"start":{"line":359,"column":12},"end":{"line":359,"column":null}},"130":{"start":{"line":359,"column":26},"end":{"line":359,"column":null}},"131":{"start":{"line":362,"column":12},"end":{"line":372,"column":null}},"132":{"start":{"line":363,"column":16},"end":{"line":371,"column":null}},"133":{"start":{"line":364,"column":20},"end":{"line":367,"column":null}},"134":{"start":{"line":370,"column":20},"end":{"line":370,"column":null}},"135":{"start":{"line":374,"column":28},"end":{"line":377,"column":null}},"136":{"start":{"line":378,"column":12},"end":{"line":378,"column":null}},"137":{"start":{"line":378,"column":26},"end":{"line":378,"column":null}},"138":{"start":{"line":382,"column":8},"end":{"line":382,"column":null}},"139":{"start":{"line":384,"column":8},"end":{"line":384,"column":null}},"140":{"start":{"line":398,"column":22},"end":{"line":398,"column":null}},"141":{"start":{"line":399,"column":41},"end":{"line":399,"column":null}},"142":{"start":{"line":402,"column":8},"end":{"line":409,"column":null}},"143":{"start":{"line":403,"column":12},"end":{"line":403,"column":null}},"144":{"start":{"line":404,"column":31},"end":{"line":404,"column":null}},"145":{"start":{"line":405,"column":12},"end":{"line":405,"column":null}},"146":{"start":{"line":407,"column":27},"end":{"line":407,"column":null}},"147":{"start":{"line":408,"column":12},"end":{"line":408,"column":null}},"148":{"start":{"line":411,"column":25},"end":{"line":411,"column":null}},"149":{"start":{"line":414,"column":8},"end":{"line":456,"column":null}},"150":{"start":{"line":415,"column":37},"end":{"line":415,"column":null}},"151":{"start":{"line":415,"column":65},"end":{"line":415,"column":91}},"152":{"start":{"line":416,"column":12},"end":{"line":426,"column":null}},"153":{"start":{"line":420,"column":16},"end":{"line":422,"column":null}},"154":{"start":{"line":421,"column":20},"end":{"line":421,"column":null}},"155":{"start":{"line":424,"column":16},"end":{"line":424,"column":null}},"156":{"start":{"line":424,"column":62},"end":{"line":424,"column":89}},"157":{"start":{"line":425,"column":16},"end":{"line":425,"column":null}},"158":{"start":{"line":427,"column":8},"end":{"line":456,"column":null}},"159":{"start":{"line":429,"column":29},"end":{"line":429,"column":null}},"160":{"start":{"line":429,"column":68},"end":{"line":429,"column":83}},"161":{"start":{"line":431,"column":12},"end":{"line":440,"column":null}},"162":{"start":{"line":432,"column":16},"end":{"line":438,"column":null}},"163":{"start":{"line":433,"column":37},"end":{"line":433,"column":null}},"164":{"start":{"line":434,"column":20},"end":{"line":437,"column":null}},"165":{"start":{"line":435,"column":24},"end":{"line":435,"column":null}},"166":{"start":{"line":436,"column":24},"end":{"line":436,"column":null}},"167":{"start":{"line":439,"column":16},"end":{"line":439,"column":null}},"168":{"start":{"line":444,"column":12},"end":{"line":446,"column":null}},"169":{"start":{"line":445,"column":16},"end":{"line":445,"column":null}},"170":{"start":{"line":445,"column":41},"end":{"line":445,"column":78}},"171":{"start":{"line":448,"column":8},"end":{"line":456,"column":null}},"172":{"start":{"line":449,"column":12},"end":{"line":455,"column":null}},"173":{"start":{"line":450,"column":16},"end":{"line":453,"column":null}},"174":{"start":{"line":451,"column":20},"end":{"line":451,"column":null}},"175":{"start":{"line":452,"column":20},"end":{"line":452,"column":null}},"176":{"start":{"line":454,"column":16},"end":{"line":454,"column":null}},"177":{"start":{"line":458,"column":8},"end":{"line":458,"column":null}},"178":{"start":{"line":458,"column":25},"end":{"line":458,"column":null}},"179":{"start":{"line":460,"column":28},"end":{"line":463,"column":null}},"180":{"start":{"line":466,"column":8},"end":{"line":492,"column":null}},"181":{"start":{"line":467,"column":28},"end":{"line":467,"column":null}},"182":{"start":{"line":468,"column":12},"end":{"line":468,"column":null}},"183":{"start":{"line":468,"column":26},"end":{"line":468,"column":null}},"184":{"start":{"line":471,"column":12},"end":{"line":483,"column":null}},"185":{"start":{"line":472,"column":16},"end":{"line":482,"column":null}},"186":{"start":{"line":473,"column":20},"end":{"line":478,"column":null}},"187":{"start":{"line":481,"column":20},"end":{"line":481,"column":null}},"188":{"start":{"line":485,"column":28},"end":{"line":490,"column":null}},"189":{"start":{"line":491,"column":12},"end":{"line":491,"column":null}},"190":{"start":{"line":491,"column":26},"end":{"line":491,"column":null}},"191":{"start":{"line":494,"column":8},"end":{"line":494,"column":null}},"192":{"start":{"line":503,"column":18},"end":{"line":503,"column":null}},"193":{"start":{"line":504,"column":15},"end":{"line":504,"column":null}},"194":{"start":{"line":506,"column":26},"end":{"line":510,"column":null}},"195":{"start":{"line":510,"column":37},"end":{"line":510,"column":69}},"196":{"start":{"line":512,"column":4},"end":{"line":512,"column":null}},"197":{"start":{"line":512,"column":36},"end":{"line":512,"column":null}},"198":{"start":{"line":517,"column":24},"end":{"line":550,"column":null}},"199":{"start":{"line":518,"column":8},"end":{"line":549,"column":null}},"200":{"start":{"line":519,"column":27},"end":{"line":519,"column":null}},"201":{"start":{"line":520,"column":27},"end":{"line":520,"column":null}},"202":{"start":{"line":522,"column":12},"end":{"line":532,"column":null}},"203":{"start":{"line":523,"column":30},"end":{"line":523,"column":null}},"204":{"start":{"line":524,"column":16},"end":{"line":527,"column":null}},"205":{"start":{"line":525,"column":20},"end":{"line":525,"column":null}},"206":{"start":{"line":526,"column":20},"end":{"line":526,"column":null}},"207":{"start":{"line":528,"column":12},"end":{"line":532,"column":null}},"208":{"start":{"line":529,"column":16},"end":{"line":529,"column":null}},"209":{"start":{"line":530,"column":12},"end":{"line":532,"column":null}},"210":{"start":{"line":531,"column":16},"end":{"line":531,"column":null}},"211":{"start":{"line":534,"column":12},"end":{"line":534,"column":null}},"212":{"start":{"line":534,"column":27},"end":{"line":534,"column":null}},"213":{"start":{"line":536,"column":12},"end":{"line":546,"column":null}},"214":{"start":{"line":537,"column":34},"end":{"line":537,"column":null}},"215":{"start":{"line":538,"column":16},"end":{"line":543,"column":null}},"216":{"start":{"line":539,"column":20},"end":{"line":539,"column":null}},"217":{"start":{"line":539,"column":28},"end":{"line":539,"column":null}},"218":{"start":{"line":545,"column":16},"end":{"line":545,"column":null}},"219":{"start":{"line":548,"column":12},"end":{"line":548,"column":null}},"220":{"start":{"line":552,"column":4},"end":{"line":552,"column":null}},"221":{"start":{"line":557,"column":18},"end":{"line":557,"column":null}},"222":{"start":{"line":558,"column":15},"end":{"line":558,"column":null}},"223":{"start":{"line":560,"column":26},"end":{"line":564,"column":null}},"224":{"start":{"line":564,"column":37},"end":{"line":564,"column":69}},"225":{"start":{"line":566,"column":4},"end":{"line":566,"column":null}},"226":{"start":{"line":566,"column":36},"end":{"line":566,"column":null}},"227":{"start":{"line":570,"column":4},"end":{"line":626,"column":null}},"228":{"start":{"line":571,"column":8},"end":{"line":625,"column":null}},"229":{"start":{"line":572,"column":27},"end":{"line":572,"column":null}},"230":{"start":{"line":573,"column":27},"end":{"line":573,"column":null}},"231":{"start":{"line":576,"column":12},"end":{"line":587,"column":null}},"232":{"start":{"line":577,"column":30},"end":{"line":577,"column":null}},"233":{"start":{"line":578,"column":16},"end":{"line":581,"column":null}},"234":{"start":{"line":579,"column":20},"end":{"line":579,"column":null}},"235":{"start":{"line":580,"column":20},"end":{"line":580,"column":null}},"236":{"start":{"line":582,"column":12},"end":{"line":587,"column":null}},"237":{"start":{"line":583,"column":16},"end":{"line":583,"column":null}},"238":{"start":{"line":585,"column":12},"end":{"line":587,"column":null}},"239":{"start":{"line":586,"column":16},"end":{"line":586,"column":null}},"240":{"start":{"line":589,"column":12},"end":{"line":589,"column":null}},"241":{"start":{"line":589,"column":27},"end":{"line":589,"column":null}},"242":{"start":{"line":602,"column":12},"end":{"line":622,"column":null}},"243":{"start":{"line":603,"column":34},"end":{"line":603,"column":null}},"244":{"start":{"line":604,"column":16},"end":{"line":618,"column":null}},"245":{"start":{"line":605,"column":20},"end":{"line":605,"column":null}},"246":{"start":{"line":605,"column":28},"end":{"line":605,"column":null}},"247":{"start":{"line":612,"column":20},"end":{"line":617,"column":null}},"248":{"start":{"line":621,"column":16},"end":{"line":621,"column":null}},"249":{"start":{"line":624,"column":12},"end":{"line":624,"column":null}}},"fnMap":{"0":{"name":"(anonymous_0)","decl":{"start":{"line":24,"column":10},"end":{"line":24,"column":22}},"loc":{"start":{"line":24,"column":109},"end":{"line":106,"column":null}},"line":24},"1":{"name":"(anonymous_1)","decl":{"start":{"line":65,"column":43},"end":{"line":65,"column":44}},"loc":{"start":{"line":65,"column":56},"end":{"line":65,"column":81}},"line":65},"2":{"name":"(anonymous_2)","decl":{"start":{"line":72,"column":29},"end":{"line":72,"column":34}},"loc":{"start":{"line":72,"column":34},"end":{"line":80,"column":13}},"line":72},"3":{"name":"(anonymous_3)","decl":{"start":{"line":89,"column":20},"end":{"line":89,"column":21}},"loc":{"start":{"line":89,"column":24},"end":{"line":91,"column":null}},"line":89},"4":{"name":"(anonymous_4)","decl":{"start":{"line":120,"column":10},"end":{"line":120,"column":24}},"loc":{"start":{"line":120,"column":67},"end":{"line":218,"column":null}},"line":120},"5":{"name":"(anonymous_5)","decl":{"start":{"line":151,"column":36},"end":{"line":151,"column":41}},"loc":{"start":{"line":151,"column":41},"end":{"line":151,"column":56}},"line":151},"6":{"name":"(anonymous_6)","decl":{"start":{"line":232,"column":10},"end":{"line":232,"column":24}},"loc":{"start":{"line":232,"column":86},"end":{"line":314,"column":null}},"line":232},"7":{"name":"(anonymous_7)","decl":{"start":{"line":250,"column":48},"end":{"line":250,"column":53}},"loc":{"start":{"line":250,"column":53},"end":{"line":250,"column":64}},"line":250},"8":{"name":"(anonymous_8)","decl":{"start":{"line":269,"column":40},"end":{"line":269,"column":45}},"loc":{"start":{"line":269,"column":45},"end":{"line":269,"column":78}},"line":269},"9":{"name":"(anonymous_9)","decl":{"start":{"line":331,"column":10},"end":{"line":331,"column":24}},"loc":{"start":{"line":331,"column":54},"end":{"line":385,"column":null}},"line":331},"10":{"name":"(anonymous_10)","decl":{"start":{"line":345,"column":53},"end":{"line":345,"column":58}},"loc":{"start":{"line":345,"column":58},"end":{"line":345,"column":69}},"line":345},"11":{"name":"(anonymous_11)","decl":{"start":{"line":349,"column":49},"end":{"line":349,"column":54}},"loc":{"start":{"line":349,"column":54},"end":{"line":349,"column":65}},"line":349},"12":{"name":"(anonymous_12)","decl":{"start":{"line":397,"column":10},"end":{"line":397,"column":29}},"loc":{"start":{"line":397,"column":144},"end":{"line":495,"column":null}},"line":397},"13":{"name":"(anonymous_13)","decl":{"start":{"line":415,"column":60},"end":{"line":415,"column":65}},"loc":{"start":{"line":415,"column":65},"end":{"line":415,"column":91}},"line":415},"14":{"name":"(anonymous_14)","decl":{"start":{"line":424,"column":57},"end":{"line":424,"column":62}},"loc":{"start":{"line":424,"column":62},"end":{"line":424,"column":89}},"line":424},"15":{"name":"(anonymous_15)","decl":{"start":{"line":429,"column":53},"end":{"line":429,"column":54}},"loc":{"start":{"line":429,"column":68},"end":{"line":429,"column":83}},"line":429},"16":{"name":"(anonymous_16)","decl":{"start":{"line":431,"column":50},"end":{"line":431,"column":55}},"loc":{"start":{"line":431,"column":55},"end":{"line":440,"column":13}},"line":431},"17":{"name":"(anonymous_17)","decl":{"start":{"line":445,"column":37},"end":{"line":445,"column":38}},"loc":{"start":{"line":445,"column":41},"end":{"line":445,"column":78}},"line":445},"18":{"name":"(anonymous_18)","decl":{"start":{"line":449,"column":50},"end":{"line":449,"column":55}},"loc":{"start":{"line":449,"column":55},"end":{"line":455,"column":13}},"line":449},"19":{"name":"cleanupProjectFiles","decl":{"start":{"line":502,"column":15},"end":{"line":502,"column":35}},"loc":{"start":{"line":502,"column":53},"end":{"line":553,"column":null}},"line":502},"20":{"name":"(anonymous_20)","decl":{"start":{"line":510,"column":13},"end":{"line":510,"column":14}},"loc":{"start":{"line":510,"column":37},"end":{"line":510,"column":69}},"line":510},"21":{"name":"(anonymous_21)","decl":{"start":{"line":517,"column":42},"end":{"line":517,"column":49}},"loc":{"start":{"line":517,"column":57},"end":{"line":550,"column":5}},"line":517},"22":{"name":"cleanupProjectFiles_Serial","decl":{"start":{"line":556,"column":15},"end":{"line":556,"column":42}},"loc":{"start":{"line":556,"column":60},"end":{"line":627,"column":null}},"line":556},"23":{"name":"(anonymous_23)","decl":{"start":{"line":564,"column":13},"end":{"line":564,"column":14}},"loc":{"start":{"line":564,"column":37},"end":{"line":564,"column":69}},"line":564}},"branchMap":{"0":{"loc":{"start":{"line":24,"column":39},"end":{"line":24,"column":109}},"type":"default-arg","locations":[{"start":{"line":24,"column":47},"end":{"line":24,"column":109}}],"line":24},"1":{"loc":{"start":{"line":30,"column":12},"end":{"line":47,"column":null}},"type":"if","locations":[{"start":{"line":30,"column":12},"end":{"line":47,"column":null}},{"start":{"line":37,"column":17},"end":{"line":47,"column":null}}],"line":30},"2":{"loc":{"start":{"line":42,"column":20},"end":{"line":42,"column":null}},"type":"if","locations":[{"start":{"line":42,"column":20},"end":{"line":42,"column":null}},{"start":{},"end":{}}],"line":42},"3":{"loc":{"start":{"line":42,"column":24},"end":{"line":42,"column":50}},"type":"binary-expr","locations":[{"start":{"line":42,"column":24},"end":{"line":42,"column":34}},{"start":{"line":42,"column":34},"end":{"line":42,"column":50}}],"line":42},"4":{"loc":{"start":{"line":50,"column":12},"end":{"line":52,"column":null}},"type":"if","locations":[{"start":{"line":50,"column":12},"end":{"line":52,"column":null}},{"start":{},"end":{}}],"line":50},"5":{"loc":{"start":{"line":54,"column":12},"end":{"line":56,"column":null}},"type":"if","locations":[{"start":{"line":54,"column":12},"end":{"line":56,"column":null}},{"start":{},"end":{}}],"line":54},"6":{"loc":{"start":{"line":61,"column":27},"end":{"line":61,"column":null}},"type":"binary-expr","locations":[{"start":{"line":61,"column":27},"end":{"line":61,"column":45}},{"start":{"line":61,"column":45},"end":{"line":61,"column":null}}],"line":61},"7":{"loc":{"start":{"line":64,"column":12},"end":{"line":66,"column":null}},"type":"if","locations":[{"start":{"line":64,"column":12},"end":{"line":66,"column":null}},{"start":{},"end":{}}],"line":64},"8":{"loc":{"start":{"line":74,"column":16},"end":{"line":79,"column":null}},"type":"if","locations":[{"start":{"line":74,"column":16},"end":{"line":79,"column":null}},{"start":{"line":76,"column":23},"end":{"line":79,"column":null}}],"line":74},"9":{"loc":{"start":{"line":77,"column":83},"end":{"line":77,"column":100}},"type":"binary-expr","locations":[{"start":{"line":77,"column":83},"end":{"line":77,"column":91}},{"start":{"line":77,"column":91},"end":{"line":77,"column":100}}],"line":77},"10":{"loc":{"start":{"line":82,"column":12},"end":{"line":84,"column":null}},"type":"if","locations":[{"start":{"line":82,"column":12},"end":{"line":84,"column":null}},{"start":{},"end":{}}],"line":82},"11":{"loc":{"start":{"line":89,"column":24},"end":{"line":91,"column":null}},"type":"binary-expr","locations":[{"start":{"line":89,"column":24},"end":{"line":90,"column":null}},{"start":{"line":90,"column":53},"end":{"line":91,"column":null}}],"line":89},"12":{"loc":{"start":{"line":90,"column":25},"end":{"line":90,"column":42}},"type":"binary-expr","locations":[{"start":{"line":90,"column":25},"end":{"line":90,"column":36}},{"start":{"line":90,"column":36},"end":{"line":90,"column":42}}],"line":90},"13":{"loc":{"start":{"line":90,"column":42},"end":{"line":90,"column":null}},"type":"binary-expr","locations":[{"start":{"line":90,"column":42},"end":{"line":90,"column":53}},{"start":{"line":90,"column":53},"end":{"line":90,"column":null}}],"line":90},"14":{"loc":{"start":{"line":91,"column":25},"end":{"line":91,"column":51}},"type":"binary-expr","locations":[{"start":{"line":91,"column":25},"end":{"line":91,"column":45}},{"start":{"line":91,"column":45},"end":{"line":91,"column":51}}],"line":91},"15":{"loc":{"start":{"line":91,"column":51},"end":{"line":91,"column":null}},"type":"binary-expr","locations":[{"start":{"line":91,"column":51},"end":{"line":91,"column":71}},{"start":{"line":91,"column":71},"end":{"line":91,"column":null}}],"line":91},"16":{"loc":{"start":{"line":96,"column":29},"end":{"line":96,"column":null}},"type":"binary-expr","locations":[{"start":{"line":96,"column":29},"end":{"line":96,"column":50}},{"start":{"line":96,"column":35},"end":{"line":96,"column":null}}],"line":96},"17":{"loc":{"start":{"line":102,"column":26},"end":{"line":102,"column":null}},"type":"binary-expr","locations":[{"start":{"line":102,"column":26},"end":{"line":102,"column":52}},{"start":{"line":102,"column":52},"end":{"line":102,"column":null}}],"line":102},"18":{"loc":{"start":{"line":103,"column":29},"end":{"line":103,"column":null}},"type":"binary-expr","locations":[{"start":{"line":103,"column":29},"end":{"line":103,"column":58}},{"start":{"line":103,"column":43},"end":{"line":103,"column":null}}],"line":103},"19":{"loc":{"start":{"line":130,"column":8},"end":{"line":137,"column":null}},"type":"if","locations":[{"start":{"line":130,"column":8},"end":{"line":137,"column":null}},{"start":{"line":134,"column":15},"end":{"line":137,"column":null}}],"line":130},"20":{"loc":{"start":{"line":133,"column":30},"end":{"line":133,"column":null}},"type":"binary-expr","locations":[{"start":{"line":133,"column":30},"end":{"line":133,"column":53}},{"start":{"line":133,"column":53},"end":{"line":133,"column":null}}],"line":133},"21":{"loc":{"start":{"line":136,"column":30},"end":{"line":136,"column":null}},"type":"binary-expr","locations":[{"start":{"line":136,"column":30},"end":{"line":136,"column":57}},{"start":{"line":136,"column":57},"end":{"line":136,"column":null}}],"line":136},"22":{"loc":{"start":{"line":140,"column":8},"end":{"line":145,"column":null}},"type":"if","locations":[{"start":{"line":140,"column":8},"end":{"line":145,"column":null}},{"start":{},"end":{}}],"line":140},"23":{"loc":{"start":{"line":140,"column":12},"end":{"line":140,"column":46}},"type":"binary-expr","locations":[{"start":{"line":140,"column":12},"end":{"line":140,"column":21}},{"start":{"line":140,"column":21},"end":{"line":140,"column":46}}],"line":140},"24":{"loc":{"start":{"line":142,"column":12},"end":{"line":144,"column":null}},"type":"if","locations":[{"start":{"line":142,"column":12},"end":{"line":144,"column":null}},{"start":{},"end":{}}],"line":142},"25":{"loc":{"start":{"line":161,"column":19},"end":{"line":161,"column":null}},"type":"binary-expr","locations":[{"start":{"line":161,"column":19},"end":{"line":161,"column":33}},{"start":{"line":161,"column":33},"end":{"line":161,"column":null}}],"line":161},"26":{"loc":{"start":{"line":162,"column":22},"end":{"line":162,"column":null}},"type":"binary-expr","locations":[{"start":{"line":162,"column":22},"end":{"line":162,"column":39}},{"start":{"line":162,"column":39},"end":{"line":162,"column":null}}],"line":162},"27":{"loc":{"start":{"line":163,"column":19},"end":{"line":163,"column":null}},"type":"binary-expr","locations":[{"start":{"line":163,"column":19},"end":{"line":163,"column":33}},{"start":{"line":163,"column":33},"end":{"line":163,"column":null}}],"line":163},"28":{"loc":{"start":{"line":164,"column":18},"end":{"line":164,"column":null}},"type":"binary-expr","locations":[{"start":{"line":164,"column":18},"end":{"line":164,"column":31}},{"start":{"line":164,"column":31},"end":{"line":164,"column":null}}],"line":164},"29":{"loc":{"start":{"line":165,"column":25},"end":{"line":165,"column":null}},"type":"binary-expr","locations":[{"start":{"line":165,"column":25},"end":{"line":165,"column":45}},{"start":{"line":165,"column":45},"end":{"line":165,"column":null}}],"line":165},"30":{"loc":{"start":{"line":166,"column":24},"end":{"line":166,"column":null}},"type":"binary-expr","locations":[{"start":{"line":166,"column":24},"end":{"line":166,"column":43}},{"start":{"line":166,"column":43},"end":{"line":166,"column":null}}],"line":166},"31":{"loc":{"start":{"line":167,"column":25},"end":{"line":167,"column":null}},"type":"binary-expr","locations":[{"start":{"line":167,"column":25},"end":{"line":167,"column":45}},{"start":{"line":167,"column":45},"end":{"line":167,"column":null}}],"line":167},"32":{"loc":{"start":{"line":168,"column":19},"end":{"line":168,"column":null}},"type":"binary-expr","locations":[{"start":{"line":168,"column":19},"end":{"line":168,"column":33}},{"start":{"line":168,"column":33},"end":{"line":168,"column":null}}],"line":168},"33":{"loc":{"start":{"line":169,"column":20},"end":{"line":169,"column":null}},"type":"binary-expr","locations":[{"start":{"line":169,"column":20},"end":{"line":169,"column":35}},{"start":{"line":169,"column":35},"end":{"line":169,"column":null}}],"line":169},"34":{"loc":{"start":{"line":170,"column":27},"end":{"line":170,"column":null}},"type":"binary-expr","locations":[{"start":{"line":170,"column":27},"end":{"line":170,"column":49}},{"start":{"line":170,"column":49},"end":{"line":170,"column":null}}],"line":170},"35":{"loc":{"start":{"line":171,"column":24},"end":{"line":176,"column":null}},"type":"binary-expr","locations":[{"start":{"line":171,"column":24},"end":{"line":171,"column":43}},{"start":{"line":171,"column":43},"end":{"line":176,"column":null}}],"line":171},"36":{"loc":{"start":{"line":178,"column":20},"end":{"line":178,"column":null}},"type":"binary-expr","locations":[{"start":{"line":178,"column":20},"end":{"line":178,"column":35}},{"start":{"line":178,"column":35},"end":{"line":178,"column":null}}],"line":178},"37":{"loc":{"start":{"line":191,"column":8},"end":{"line":215,"column":null}},"type":"if","locations":[{"start":{"line":191,"column":8},"end":{"line":215,"column":null}},{"start":{"line":208,"column":15},"end":{"line":215,"column":null}}],"line":191},"38":{"loc":{"start":{"line":194,"column":12},"end":{"line":194,"column":null}},"type":"if","locations":[{"start":{"line":194,"column":12},"end":{"line":194,"column":null}},{"start":{},"end":{}}],"line":194},"39":{"loc":{"start":{"line":197,"column":12},"end":{"line":207,"column":null}},"type":"if","locations":[{"start":{"line":197,"column":12},"end":{"line":207,"column":null}},{"start":{},"end":{}}],"line":197},"40":{"loc":{"start":{"line":197,"column":16},"end":{"line":197,"column":77}},"type":"binary-expr","locations":[{"start":{"line":197,"column":16},"end":{"line":197,"column":51}},{"start":{"line":197,"column":51},"end":{"line":197,"column":77}}],"line":197},"41":{"loc":{"start":{"line":214,"column":12},"end":{"line":214,"column":null}},"type":"if","locations":[{"start":{"line":214,"column":12},"end":{"line":214,"column":null}},{"start":{},"end":{}}],"line":214},"42":{"loc":{"start":{"line":240,"column":8},"end":{"line":247,"column":null}},"type":"if","locations":[{"start":{"line":240,"column":8},"end":{"line":247,"column":null}},{"start":{"line":244,"column":15},"end":{"line":247,"column":null}}],"line":240},"43":{"loc":{"start":{"line":243,"column":30},"end":{"line":243,"column":null}},"type":"binary-expr","locations":[{"start":{"line":243,"column":30},"end":{"line":243,"column":53}},{"start":{"line":243,"column":53},"end":{"line":243,"column":null}}],"line":243},"44":{"loc":{"start":{"line":246,"column":30},"end":{"line":246,"column":null}},"type":"binary-expr","locations":[{"start":{"line":246,"column":30},"end":{"line":246,"column":57}},{"start":{"line":246,"column":57},"end":{"line":246,"column":null}}],"line":246},"45":{"loc":{"start":{"line":251,"column":8},"end":{"line":251,"column":null}},"type":"if","locations":[{"start":{"line":251,"column":8},"end":{"line":251,"column":null}},{"start":{},"end":{}}],"line":251},"46":{"loc":{"start":{"line":255,"column":8},"end":{"line":260,"column":null}},"type":"if","locations":[{"start":{"line":255,"column":8},"end":{"line":260,"column":null}},{"start":{},"end":{}}],"line":255},"47":{"loc":{"start":{"line":255,"column":12},"end":{"line":255,"column":71}},"type":"binary-expr","locations":[{"start":{"line":255,"column":12},"end":{"line":255,"column":26}},{"start":{"line":255,"column":26},"end":{"line":255,"column":71}}],"line":255},"48":{"loc":{"start":{"line":265,"column":8},"end":{"line":274,"column":null}},"type":"if","locations":[{"start":{"line":265,"column":8},"end":{"line":274,"column":null}},{"start":{},"end":{}}],"line":265},"49":{"loc":{"start":{"line":265,"column":12},"end":{"line":265,"column":68}},"type":"binary-expr","locations":[{"start":{"line":265,"column":12},"end":{"line":265,"column":25}},{"start":{"line":265,"column":25},"end":{"line":265,"column":68}}],"line":265},"50":{"loc":{"start":{"line":269,"column":45},"end":{"line":269,"column":78}},"type":"binary-expr","locations":[{"start":{"line":269,"column":45},"end":{"line":269,"column":67}},{"start":{"line":269,"column":67},"end":{"line":269,"column":78}}],"line":269},"51":{"loc":{"start":{"line":289,"column":8},"end":{"line":311,"column":null}},"type":"if","locations":[{"start":{"line":289,"column":8},"end":{"line":311,"column":null}},{"start":{"line":305,"column":15},"end":{"line":311,"column":null}}],"line":289},"52":{"loc":{"start":{"line":291,"column":12},"end":{"line":291,"column":null}},"type":"if","locations":[{"start":{"line":291,"column":12},"end":{"line":291,"column":null}},{"start":{},"end":{}}],"line":291},"53":{"loc":{"start":{"line":294,"column":12},"end":{"line":304,"column":null}},"type":"if","locations":[{"start":{"line":294,"column":12},"end":{"line":304,"column":null}},{"start":{},"end":{}}],"line":294},"54":{"loc":{"start":{"line":294,"column":16},"end":{"line":294,"column":77}},"type":"binary-expr","locations":[{"start":{"line":294,"column":16},"end":{"line":294,"column":51}},{"start":{"line":294,"column":51},"end":{"line":294,"column":77}}],"line":294},"55":{"loc":{"start":{"line":310,"column":12},"end":{"line":310,"column":null}},"type":"if","locations":[{"start":{"line":310,"column":12},"end":{"line":310,"column":null}},{"start":{},"end":{}}],"line":310},"56":{"loc":{"start":{"line":336,"column":8},"end":{"line":343,"column":null}},"type":"if","locations":[{"start":{"line":336,"column":8},"end":{"line":343,"column":null}},{"start":{"line":340,"column":15},"end":{"line":343,"column":null}}],"line":336},"57":{"loc":{"start":{"line":339,"column":30},"end":{"line":339,"column":null}},"type":"binary-expr","locations":[{"start":{"line":339,"column":30},"end":{"line":339,"column":53}},{"start":{"line":339,"column":53},"end":{"line":339,"column":null}}],"line":339},"58":{"loc":{"start":{"line":342,"column":30},"end":{"line":342,"column":null}},"type":"binary-expr","locations":[{"start":{"line":342,"column":30},"end":{"line":342,"column":57}},{"start":{"line":342,"column":57},"end":{"line":342,"column":null}}],"line":342},"59":{"loc":{"start":{"line":346,"column":8},"end":{"line":346,"column":null}},"type":"if","locations":[{"start":{"line":346,"column":8},"end":{"line":346,"column":null}},{"start":{},"end":{}}],"line":346},"60":{"loc":{"start":{"line":357,"column":8},"end":{"line":379,"column":null}},"type":"if","locations":[{"start":{"line":357,"column":8},"end":{"line":379,"column":null}},{"start":{"line":373,"column":15},"end":{"line":379,"column":null}}],"line":357},"61":{"loc":{"start":{"line":359,"column":12},"end":{"line":359,"column":null}},"type":"if","locations":[{"start":{"line":359,"column":12},"end":{"line":359,"column":null}},{"start":{},"end":{}}],"line":359},"62":{"loc":{"start":{"line":362,"column":12},"end":{"line":372,"column":null}},"type":"if","locations":[{"start":{"line":362,"column":12},"end":{"line":372,"column":null}},{"start":{},"end":{}}],"line":362},"63":{"loc":{"start":{"line":362,"column":16},"end":{"line":362,"column":77}},"type":"binary-expr","locations":[{"start":{"line":362,"column":16},"end":{"line":362,"column":51}},{"start":{"line":362,"column":51},"end":{"line":362,"column":77}}],"line":362},"64":{"loc":{"start":{"line":378,"column":12},"end":{"line":378,"column":null}},"type":"if","locations":[{"start":{"line":378,"column":12},"end":{"line":378,"column":null}},{"start":{},"end":{}}],"line":378},"65":{"loc":{"start":{"line":402,"column":8},"end":{"line":409,"column":null}},"type":"if","locations":[{"start":{"line":402,"column":8},"end":{"line":409,"column":null}},{"start":{"line":406,"column":15},"end":{"line":409,"column":null}}],"line":402},"66":{"loc":{"start":{"line":405,"column":30},"end":{"line":405,"column":null}},"type":"binary-expr","locations":[{"start":{"line":405,"column":30},"end":{"line":405,"column":53}},{"start":{"line":405,"column":53},"end":{"line":405,"column":null}}],"line":405},"67":{"loc":{"start":{"line":408,"column":30},"end":{"line":408,"column":null}},"type":"binary-expr","locations":[{"start":{"line":408,"column":30},"end":{"line":408,"column":57}},{"start":{"line":408,"column":57},"end":{"line":408,"column":null}}],"line":408},"68":{"loc":{"start":{"line":414,"column":8},"end":{"line":456,"column":null}},"type":"if","locations":[{"start":{"line":414,"column":8},"end":{"line":456,"column":null}},{"start":{"line":427,"column":8},"end":{"line":456,"column":null}}],"line":414},"69":{"loc":{"start":{"line":416,"column":12},"end":{"line":426,"column":null}},"type":"if","locations":[{"start":{"line":416,"column":12},"end":{"line":426,"column":null}},{"start":{},"end":{}}],"line":416},"70":{"loc":{"start":{"line":427,"column":8},"end":{"line":456,"column":null}},"type":"if","locations":[{"start":{"line":427,"column":8},"end":{"line":456,"column":null}},{"start":{"line":448,"column":8},"end":{"line":456,"column":null}}],"line":427},"71":{"loc":{"start":{"line":432,"column":16},"end":{"line":438,"column":null}},"type":"if","locations":[{"start":{"line":432,"column":16},"end":{"line":438,"column":null}},{"start":{},"end":{}}],"line":432},"72":{"loc":{"start":{"line":434,"column":20},"end":{"line":437,"column":null}},"type":"if","locations":[{"start":{"line":434,"column":20},"end":{"line":437,"column":null}},{"start":{},"end":{}}],"line":434},"73":{"loc":{"start":{"line":444,"column":12},"end":{"line":446,"column":null}},"type":"if","locations":[{"start":{"line":444,"column":12},"end":{"line":446,"column":null}},{"start":{},"end":{}}],"line":444},"74":{"loc":{"start":{"line":445,"column":48},"end":{"line":445,"column":65}},"type":"binary-expr","locations":[{"start":{"line":445,"column":48},"end":{"line":445,"column":59}},{"start":{"line":445,"column":59},"end":{"line":445,"column":65}}],"line":445},"75":{"loc":{"start":{"line":445,"column":65},"end":{"line":445,"column":78}},"type":"binary-expr","locations":[{"start":{"line":445,"column":65},"end":{"line":445,"column":76}},{"start":{"line":445,"column":76},"end":{"line":445,"column":78}}],"line":445},"76":{"loc":{"start":{"line":448,"column":8},"end":{"line":456,"column":null}},"type":"if","locations":[{"start":{"line":448,"column":8},"end":{"line":456,"column":null}},{"start":{},"end":{}}],"line":448},"77":{"loc":{"start":{"line":450,"column":16},"end":{"line":453,"column":null}},"type":"if","locations":[{"start":{"line":450,"column":16},"end":{"line":453,"column":null}},{"start":{},"end":{}}],"line":450},"78":{"loc":{"start":{"line":450,"column":20},"end":{"line":450,"column":79}},"type":"binary-expr","locations":[{"start":{"line":450,"column":20},"end":{"line":450,"column":50}},{"start":{"line":450,"column":50},"end":{"line":450,"column":79}}],"line":450},"79":{"loc":{"start":{"line":458,"column":8},"end":{"line":458,"column":null}},"type":"if","locations":[{"start":{"line":458,"column":8},"end":{"line":458,"column":null}},{"start":{},"end":{}}],"line":458},"80":{"loc":{"start":{"line":466,"column":8},"end":{"line":492,"column":null}},"type":"if","locations":[{"start":{"line":466,"column":8},"end":{"line":492,"column":null}},{"start":{"line":484,"column":15},"end":{"line":492,"column":null}}],"line":466},"81":{"loc":{"start":{"line":468,"column":12},"end":{"line":468,"column":null}},"type":"if","locations":[{"start":{"line":468,"column":12},"end":{"line":468,"column":null}},{"start":{},"end":{}}],"line":468},"82":{"loc":{"start":{"line":471,"column":12},"end":{"line":483,"column":null}},"type":"if","locations":[{"start":{"line":471,"column":12},"end":{"line":483,"column":null}},{"start":{},"end":{}}],"line":471},"83":{"loc":{"start":{"line":471,"column":16},"end":{"line":471,"column":77}},"type":"binary-expr","locations":[{"start":{"line":471,"column":16},"end":{"line":471,"column":51}},{"start":{"line":471,"column":51},"end":{"line":471,"column":77}}],"line":471},"84":{"loc":{"start":{"line":475,"column":33},"end":{"line":477,"column":null}},"type":"cond-expr","locations":[{"start":{"line":476,"column":30},"end":{"line":476,"column":null}},{"start":{"line":477,"column":30},"end":{"line":477,"column":null}}],"line":475},"85":{"loc":{"start":{"line":487,"column":25},"end":{"line":489,"column":null}},"type":"cond-expr","locations":[{"start":{"line":488,"column":22},"end":{"line":488,"column":null}},{"start":{"line":489,"column":22},"end":{"line":489,"column":null}}],"line":487},"86":{"loc":{"start":{"line":491,"column":12},"end":{"line":491,"column":null}},"type":"if","locations":[{"start":{"line":491,"column":12},"end":{"line":491,"column":null}},{"start":{},"end":{}}],"line":491},"87":{"loc":{"start":{"line":504,"column":15},"end":{"line":504,"column":null}},"type":"cond-expr","locations":[{"start":{"line":504,"column":23},"end":{"line":504,"column":48}},{"start":{"line":504,"column":48},"end":{"line":504,"column":null}}],"line":504},"88":{"loc":{"start":{"line":510,"column":37},"end":{"line":510,"column":69}},"type":"binary-expr","locations":[{"start":{"line":510,"column":37},"end":{"line":510,"column":46}},{"start":{"line":510,"column":46},"end":{"line":510,"column":69}}],"line":510},"89":{"loc":{"start":{"line":512,"column":4},"end":{"line":512,"column":null}},"type":"if","locations":[{"start":{"line":512,"column":4},"end":{"line":512,"column":null}},{"start":{},"end":{}}],"line":512},"90":{"loc":{"start":{"line":522,"column":12},"end":{"line":532,"column":null}},"type":"if","locations":[{"start":{"line":522,"column":12},"end":{"line":532,"column":null}},{"start":{"line":528,"column":12},"end":{"line":532,"column":null}}],"line":522},"91":{"loc":{"start":{"line":524,"column":16},"end":{"line":527,"column":null}},"type":"if","locations":[{"start":{"line":524,"column":16},"end":{"line":527,"column":null}},{"start":{},"end":{}}],"line":524},"92":{"loc":{"start":{"line":528,"column":12},"end":{"line":532,"column":null}},"type":"if","locations":[{"start":{"line":528,"column":12},"end":{"line":532,"column":null}},{"start":{"line":530,"column":12},"end":{"line":532,"column":null}}],"line":528},"93":{"loc":{"start":{"line":530,"column":12},"end":{"line":532,"column":null}},"type":"if","locations":[{"start":{"line":530,"column":12},"end":{"line":532,"column":null}},{"start":{},"end":{}}],"line":530},"94":{"loc":{"start":{"line":534,"column":12},"end":{"line":534,"column":null}},"type":"if","locations":[{"start":{"line":534,"column":12},"end":{"line":534,"column":null}},{"start":{},"end":{}}],"line":534},"95":{"loc":{"start":{"line":536,"column":12},"end":{"line":546,"column":null}},"type":"if","locations":[{"start":{"line":536,"column":12},"end":{"line":546,"column":null}},{"start":{"line":544,"column":19},"end":{"line":546,"column":null}}],"line":536},"96":{"loc":{"start":{"line":539,"column":20},"end":{"line":539,"column":null}},"type":"if","locations":[{"start":{"line":539,"column":20},"end":{"line":539,"column":null}},{"start":{},"end":{}}],"line":539},"97":{"loc":{"start":{"line":558,"column":15},"end":{"line":558,"column":null}},"type":"cond-expr","locations":[{"start":{"line":558,"column":23},"end":{"line":558,"column":48}},{"start":{"line":558,"column":48},"end":{"line":558,"column":null}}],"line":558},"98":{"loc":{"start":{"line":564,"column":37},"end":{"line":564,"column":69}},"type":"binary-expr","locations":[{"start":{"line":564,"column":37},"end":{"line":564,"column":46}},{"start":{"line":564,"column":46},"end":{"line":564,"column":69}}],"line":564},"99":{"loc":{"start":{"line":566,"column":4},"end":{"line":566,"column":null}},"type":"if","locations":[{"start":{"line":566,"column":4},"end":{"line":566,"column":null}},{"start":{},"end":{}}],"line":566},"100":{"loc":{"start":{"line":576,"column":12},"end":{"line":587,"column":null}},"type":"if","locations":[{"start":{"line":576,"column":12},"end":{"line":587,"column":null}},{"start":{"line":582,"column":12},"end":{"line":587,"column":null}}],"line":576},"101":{"loc":{"start":{"line":578,"column":16},"end":{"line":581,"column":null}},"type":"if","locations":[{"start":{"line":578,"column":16},"end":{"line":581,"column":null}},{"start":{},"end":{}}],"line":578},"102":{"loc":{"start":{"line":582,"column":12},"end":{"line":587,"column":null}},"type":"if","locations":[{"start":{"line":582,"column":12},"end":{"line":587,"column":null}},{"start":{"line":585,"column":12},"end":{"line":587,"column":null}}],"line":582},"103":{"loc":{"start":{"line":585,"column":12},"end":{"line":587,"column":null}},"type":"if","locations":[{"start":{"line":585,"column":12},"end":{"line":587,"column":null}},{"start":{},"end":{}}],"line":585},"104":{"loc":{"start":{"line":589,"column":12},"end":{"line":589,"column":null}},"type":"if","locations":[{"start":{"line":589,"column":12},"end":{"line":589,"column":null}},{"start":{},"end":{}}],"line":589},"105":{"loc":{"start":{"line":602,"column":12},"end":{"line":622,"column":null}},"type":"if","locations":[{"start":{"line":602,"column":12},"end":{"line":622,"column":null}},{"start":{"line":619,"column":19},"end":{"line":622,"column":null}}],"line":602},"106":{"loc":{"start":{"line":605,"column":20},"end":{"line":605,"column":null}},"type":"if","locations":[{"start":{"line":605,"column":20},"end":{"line":605,"column":null}},{"start":{},"end":{}}],"line":605},"107":{"loc":{"start":{"line":612,"column":20},"end":{"line":617,"column":null}},"type":"if","locations":[{"start":{"line":612,"column":20},"end":{"line":617,"column":null}},{"start":{},"end":{}}],"line":612}},"s":{"0":1,"1":1,"2":4,"3":4,"4":4,"5":4,"6":3,"7":3,"8":1,"9":1,"10":1,"11":1,"12":0,"13":4,"14":1,"15":4,"16":0,"17":4,"18":4,"19":0,"20":0,"21":4,"22":4,"23":4,"24":5,"25":5,"26":4,"27":1,"28":1,"29":4,"30":1,"31":4,"32":0,"33":4,"34":0,"35":0,"36":0,"37":0,"38":0,"39":0,"40":0,"41":0,"42":0,"43":0,"44":0,"45":0,"46":0,"47":0,"48":0,"49":0,"50":0,"51":0,"52":0,"53":0,"54":0,"55":0,"56":0,"57":0,"58":0,"59":0,"60":0,"61":0,"62":0,"63":0,"64":0,"65":0,"66":0,"67":0,"68":0,"69":0,"70":0,"71":0,"72":0,"73":0,"74":0,"75":0,"76":0,"77":0,"78":0,"79":0,"80":0,"81":0,"82":0,"83":0,"84":0,"85":0,"86":0,"87":0,"88":0,"89":0,"90":0,"91":0,"92":0,"93":0,"94":0,"95":0,"96":0,"97":0,"98":0,"99":0,"100":0,"101":0,"102":0,"103":0,"104":0,"105":0,"106":0,"107":0,"108":0,"109":0,"110":0,"111":0,"112":0,"113":0,"114":0,"115":0,"116":0,"117":0,"118":0,"119":0,"120":0,"121":0,"122":0,"123":0,"124":0,"125":0,"126":0,"127":0,"128":0,"129":0,"130":0,"131":0,"132":0,"133":0,"134":0,"135":0,"136":0,"137":0,"138":0,"139":0,"140":0,"141":0,"142":0,"143":0,"144":0,"145":0,"146":0,"147":0,"148":0,"149":0,"150":0,"151":0,"152":0,"153":0,"154":0,"155":0,"156":0,"157":0,"158":0,"159":0,"160":0,"161":0,"162":0,"163":0,"164":0,"165":0,"166":0,"167":0,"168":0,"169":0,"170":0,"171":0,"172":0,"173":0,"174":0,"175":0,"176":0,"177":0,"178":0,"179":0,"180":0,"181":0,"182":0,"183":0,"184":0,"185":0,"186":0,"187":0,"188":0,"189":0,"190":0,"191":0,"192":0,"193":0,"194":0,"195":0,"196":0,"197":0,"198":0,"199":0,"200":0,"201":0,"202":0,"203":0,"204":0,"205":0,"206":0,"207":0,"208":0,"209":0,"210":0,"211":0,"212":0,"213":0,"214":0,"215":0,"216":0,"217":0,"218":0,"219":0,"220":0,"221":0,"222":0,"223":0,"224":0,"225":0,"226":0,"227":0,"228":0,"229":0,"230":0,"231":0,"232":0,"233":0,"234":0,"235":0,"236":0,"237":0,"238":0,"239":0,"240":0,"241":0,"242":0,"243":0,"244":0,"245":0,"246":0,"247":0,"248":0,"249":0},"f":{"0":4,"1":0,"2":5,"3":0,"4":0,"5":0,"6":0,"7":0,"8":0,"9":0,"10":0,"11":0,"12":0,"13":0,"14":0,"15":0,"16":0,"17":0,"18":0,"19":0,"20":0,"21":0,"22":0,"23":0},"b":{"0":[4],"1":[3,1],"2":[1,0],"3":[1,1],"4":[1,3],"5":[0,4],"6":[4,0],"7":[0,4],"8":[4,1],"9":[1,0],"10":[1,3],"11":[0,0],"12":[0,0],"13":[0,0],"14":[0,0],"15":[0,0],"16":[4,0],"17":[0,0],"18":[0,0],"19":[0,0],"20":[0,0],"21":[0,0],"22":[0,0],"23":[0,0],"24":[0,0],"25":[0,0],"26":[0,0],"27":[0,0],"28":[0,0],"29":[0,0],"30":[0,0],"31":[0,0],"32":[0,0],"33":[0,0],"34":[0,0],"35":[0,0],"36":[0,0],"37":[0,0],"38":[0,0],"39":[0,0],"40":[0,0],"41":[0,0],"42":[0,0],"43":[0,0],"44":[0,0],"45":[0,0],"46":[0,0],"47":[0,0],"48":[0,0],"49":[0,0],"50":[0,0],"51":[0,0],"52":[0,0],"53":[0,0],"54":[0,0],"55":[0,0],"56":[0,0],"57":[0,0],"58":[0,0],"59":[0,0],"60":[0,0],"61":[0,0],"62":[0,0],"63":[0,0],"64":[0,0],"65":[0,0],"66":[0,0],"67":[0,0],"68":[0,0],"69":[0,0],"70":[0,0],"71":[0,0],"72":[0,0],"73":[0,0],"74":[0,0],"75":[0,0],"76":[0,0],"77":[0,0],"78":[0,0],"79":[0,0],"80":[0,0],"81":[0,0],"82":[0,0],"83":[0,0],"84":[0,0],"85":[0,0],"86":[0,0],"87":[0,0],"88":[0,0],"89":[0,0],"90":[0,0],"91":[0,0],"92":[0,0],"93":[0,0],"94":[0,0],"95":[0,0],"96":[0,0],"97":[0,0],"98":[0,0],"99":[0,0],"100":[0,0],"101":[0,0],"102":[0,0],"103":[0,0],"104":[0,0],"105":[0,0],"106":[0,0],"107":[0,0]},"meta":{"lastBranch":108,"lastFunction":24,"lastStatement":250,"seen":{"s:9:18:9:Infinity":0,"s:11:30:496:Infinity":1,"f:24:10:24:22":0,"b:24:47:24:109":0,"s:25:8:105:Infinity":2,"s:26:44:26:Infinity":3,"s:27:26:27:Infinity":4,"b:30:12:47:Infinity:37:17:47:Infinity":1,"s:30:12:47:Infinity":5,"s:31:16:31:Infinity":6,"s:32:16:32:Infinity":7,"s:38:16:46:Infinity":8,"s:41:35:41:Infinity":9,"b:42:20:42:Infinity:undefined:undefined:undefined:undefined":2,"s:42:20:42:Infinity":10,"b:42:24:42:34:42:34:42:50":3,"s:42:50:42:Infinity":11,"s:44:20:44:Infinity":12,"b:50:12:52:Infinity:undefined:undefined:undefined:undefined":4,"s:50:12:52:Infinity":13,"s:51:16:51:Infinity":14,"b:54:12:56:Infinity:undefined:undefined:undefined:undefined":5,"s:54:12:56:Infinity":15,"s:55:16:55:Infinity":16,"s:61:27:61:Infinity":17,"b:61:27:61:45:61:45:61:Infinity":6,"b:64:12:66:Infinity:undefined:undefined:undefined:undefined":7,"s:64:12:66:Infinity":18,"s:65:16:65:Infinity":19,"f:65:43:65:44":1,"s:65:56:65:81":20,"s:69:45:69:Infinity":21,"s:70:44:70:Infinity":22,"s:72:12:80:Infinity":23,"f:72:29:72:34":2,"s:73:31:73:Infinity":24,"b:74:16:79:Infinity:76:23:79:Infinity":8,"s:74:16:79:Infinity":25,"s:75:20:75:Infinity":26,"s:77:20:77:Infinity":27,"b:77:83:77:91:77:91:77:100":9,"s:78:20:78:Infinity":28,"b:82:12:84:Infinity:undefined:undefined:undefined:undefined":10,"s:82:12:84:Infinity":29,"s:83:16:83:Infinity":30,"s:86:35:92:Infinity":31,"f:89:20:89:21":3,"s:89:24:91:Infinity":32,"b:89:24:90:Infinity:90:53:91:Infinity":11,"b:90:25:90:36:90:36:90:42":12,"b:90:42:90:53:90:53:90:Infinity":13,"b:91:25:91:45:91:45:91:51":14,"b:91:51:91:71:91:71:91:Infinity":15,"s:94:12:97:Infinity":33,"b:96:29:96:50:96:35:96:Infinity":16,"s:99:12:99:Infinity":34,"s:100:33:100:Infinity":35,"s:101:12:104:Infinity":36,"b:102:26:102:52:102:52:102:Infinity":17,"b:103:29:103:58:103:43:103:Infinity":18,"f:120:10:120:24":4,"s:124:8:124:Infinity":37,"s:126:22:126:Infinity":38,"s:127:41:127:Infinity":39,"b:130:8:137:Infinity:134:15:137:Infinity":19,"s:130:8:137:Infinity":40,"s:131:12:131:Infinity":41,"s:132:31:132:Infinity":42,"s:133:12:133:Infinity":43,"b:133:30:133:53:133:53:133:Infinity":20,"s:135:27:135:Infinity":44,"s:136:12:136:Infinity":45,"b:136:30:136:57:136:57:136:Infinity":21,"b:140:8:145:Infinity:undefined:undefined:undefined:undefined":22,"s:140:8:145:Infinity":46,"b:140:12:140:21:140:21:140:46":23,"s:141:31:141:Infinity":47,"b:142:12:144:Infinity:undefined:undefined:undefined:undefined":24,"s:142:12:144:Infinity":48,"s:143:16:143:Infinity":49,"s:148:25:148:Infinity":50,"s:149:19:149:Infinity":51,"s:150:22:150:Infinity":52,"s:151:8:154:Infinity":53,"f:151:36:151:41":5,"s:151:41:151:56":54,"s:152:12:152:Infinity":55,"s:153:12:153:Infinity":56,"s:157:36:181:Infinity":57,"b:161:19:161:33:161:33:161:Infinity":25,"b:162:22:162:39:162:39:162:Infinity":26,"b:163:19:163:33:163:33:163:Infinity":27,"b:164:18:164:31:164:31:164:Infinity":28,"b:165:25:165:45:165:45:165:Infinity":29,"b:166:24:166:43:166:43:166:Infinity":30,"b:167:25:167:45:167:45:167:Infinity":31,"b:168:19:168:33:168:33:168:Infinity":32,"b:169:20:169:35:169:35:169:Infinity":33,"b:170:27:170:49:170:49:170:Infinity":34,"b:171:24:171:43:171:43:176:Infinity":35,"b:178:20:178:35:178:35:178:Infinity":36,"s:184:32:184:Infinity":58,"s:185:28:188:Infinity":59,"b:191:8:215:Infinity:208:15:215:Infinity":37,"s:191:8:215:Infinity":60,"s:193:28:193:Infinity":61,"b:194:12:194:Infinity:undefined:undefined:undefined:undefined":38,"s:194:12:194:Infinity":62,"s:194:26:194:Infinity":63,"b:197:12:207:Infinity:undefined:undefined:undefined:undefined":39,"s:197:12:207:Infinity":64,"b:197:16:197:51:197:51:197:77":40,"s:198:16:206:Infinity":65,"s:199:20:202:Infinity":66,"s:205:20:205:Infinity":67,"s:210:28:213:Infinity":68,"b:214:12:214:Infinity:undefined:undefined:undefined:undefined":41,"s:214:12:214:Infinity":69,"s:214:26:214:Infinity":70,"s:217:8:217:Infinity":71,"f:232:10:232:24":6,"s:234:8:234:Infinity":72,"s:236:22:236:Infinity":73,"s:237:41:237:Infinity":74,"b:240:8:247:Infinity:244:15:247:Infinity":42,"s:240:8:247:Infinity":75,"s:241:12:241:Infinity":76,"s:242:31:242:Infinity":77,"s:243:12:243:Infinity":78,"b:243:30:243:53:243:53:243:Infinity":43,"s:245:27:245:Infinity":79,"s:246:12:246:Infinity":80,"b:246:30:246:57:246:57:246:Infinity":44,"s:250:22:250:Infinity":81,"f:250:48:250:53":7,"s:250:53:250:64":82,"b:251:8:251:Infinity:undefined:undefined:undefined:undefined":45,"s:251:8:251:Infinity":83,"s:251:26:251:Infinity":84,"s:254:24:254:Infinity":85,"b:255:8:260:Infinity:undefined:undefined:undefined:undefined":46,"s:255:8:260:Infinity":86,"b:255:12:255:26:255:26:255:71":47,"b:265:8:274:Infinity:undefined:undefined:undefined:undefined":48,"s:265:8:274:Infinity":87,"b:265:12:265:25:265:25:265:68":49,"s:266:29:266:Infinity":88,"s:267:26:267:Infinity":89,"s:268:26:268:Infinity":90,"s:269:12:272:Infinity":91,"f:269:40:269:45":8,"s:269:45:269:78":92,"b:269:45:269:67:269:67:269:78":50,"s:270:16:270:Infinity":93,"s:271:16:271:Infinity":94,"s:273:12:273:Infinity":95,"s:276:31:280:Infinity":96,"s:281:8:281:Infinity":97,"s:283:28:286:Infinity":98,"b:289:8:311:Infinity:305:15:311:Infinity":51,"s:289:8:311:Infinity":99,"s:290:28:290:Infinity":100,"b:291:12:291:Infinity:undefined:undefined:undefined:undefined":52,"s:291:12:291:Infinity":101,"s:291:26:291:Infinity":102,"b:294:12:304:Infinity:undefined:undefined:undefined:undefined":53,"s:294:12:304:Infinity":103,"b:294:16:294:51:294:51:294:77":54,"s:295:16:303:Infinity":104,"s:296:20:299:Infinity":105,"s:302:20:302:Infinity":106,"s:306:28:309:Infinity":107,"b:310:12:310:Infinity:undefined:undefined:undefined:undefined":55,"s:310:12:310:Infinity":108,"s:310:26:310:Infinity":109,"s:313:8:313:Infinity":110,"f:331:10:331:24":9,"s:332:22:332:Infinity":111,"s:333:41:333:Infinity":112,"b:336:8:343:Infinity:340:15:343:Infinity":56,"s:336:8:343:Infinity":113,"s:337:12:337:Infinity":114,"s:338:31:338:Infinity":115,"s:339:12:339:Infinity":116,"b:339:30:339:53:339:53:339:Infinity":57,"s:341:27:341:Infinity":117,"s:342:12:342:Infinity":118,"b:342:30:342:57:342:57:342:Infinity":58,"s:345:32:345:Infinity":119,"f:345:53:345:58":10,"s:345:58:345:69":120,"b:346:8:346:Infinity:undefined:undefined:undefined:undefined":59,"s:346:8:346:Infinity":121,"s:346:30:346:Infinity":122,"s:348:30:348:Infinity":123,"s:349:8:349:Infinity":124,"f:349:49:349:54":11,"s:349:54:349:65":125,"s:351:28:354:Infinity":126,"b:357:8:379:Infinity:373:15:379:Infinity":60,"s:357:8:379:Infinity":127,"s:358:28:358:Infinity":128,"b:359:12:359:Infinity:undefined:undefined:undefined:undefined":61,"s:359:12:359:Infinity":129,"s:359:26:359:Infinity":130,"b:362:12:372:Infinity:undefined:undefined:undefined:undefined":62,"s:362:12:372:Infinity":131,"b:362:16:362:51:362:51:362:77":63,"s:363:16:371:Infinity":132,"s:364:20:367:Infinity":133,"s:370:20:370:Infinity":134,"s:374:28:377:Infinity":135,"b:378:12:378:Infinity:undefined:undefined:undefined:undefined":64,"s:378:12:378:Infinity":136,"s:378:26:378:Infinity":137,"s:382:8:382:Infinity":138,"s:384:8:384:Infinity":139,"f:397:10:397:29":12,"s:398:22:398:Infinity":140,"s:399:41:399:Infinity":141,"b:402:8:409:Infinity:406:15:409:Infinity":65,"s:402:8:409:Infinity":142,"s:403:12:403:Infinity":143,"s:404:31:404:Infinity":144,"s:405:12:405:Infinity":145,"b:405:30:405:53:405:53:405:Infinity":66,"s:407:27:407:Infinity":146,"s:408:12:408:Infinity":147,"b:408:30:408:57:408:57:408:Infinity":67,"s:411:25:411:Infinity":148,"b:414:8:456:Infinity:427:8:456:Infinity":68,"s:414:8:456:Infinity":149,"s:415:37:415:Infinity":150,"f:415:60:415:65":13,"s:415:65:415:91":151,"b:416:12:426:Infinity:undefined:undefined:undefined:undefined":69,"s:416:12:426:Infinity":152,"s:420:16:422:Infinity":153,"s:421:20:421:Infinity":154,"s:424:16:424:Infinity":155,"f:424:57:424:62":14,"s:424:62:424:89":156,"s:425:16:425:Infinity":157,"b:427:8:456:Infinity:448:8:456:Infinity":70,"s:427:8:456:Infinity":158,"s:429:29:429:Infinity":159,"f:429:53:429:54":15,"s:429:68:429:83":160,"s:431:12:440:Infinity":161,"f:431:50:431:55":16,"b:432:16:438:Infinity:undefined:undefined:undefined:undefined":71,"s:432:16:438:Infinity":162,"s:433:37:433:Infinity":163,"b:434:20:437:Infinity:undefined:undefined:undefined:undefined":72,"s:434:20:437:Infinity":164,"s:435:24:435:Infinity":165,"s:436:24:436:Infinity":166,"s:439:16:439:Infinity":167,"b:444:12:446:Infinity:undefined:undefined:undefined:undefined":73,"s:444:12:446:Infinity":168,"s:445:16:445:Infinity":169,"f:445:37:445:38":17,"s:445:41:445:78":170,"b:445:48:445:59:445:59:445:65":74,"b:445:65:445:76:445:76:445:78":75,"b:448:8:456:Infinity:undefined:undefined:undefined:undefined":76,"s:448:8:456:Infinity":171,"s:449:12:455:Infinity":172,"f:449:50:449:55":18,"b:450:16:453:Infinity:undefined:undefined:undefined:undefined":77,"s:450:16:453:Infinity":173,"b:450:20:450:50:450:50:450:79":78,"s:451:20:451:Infinity":174,"s:452:20:452:Infinity":175,"s:454:16:454:Infinity":176,"b:458:8:458:Infinity:undefined:undefined:undefined:undefined":79,"s:458:8:458:Infinity":177,"s:458:25:458:Infinity":178,"s:460:28:463:Infinity":179,"b:466:8:492:Infinity:484:15:492:Infinity":80,"s:466:8:492:Infinity":180,"s:467:28:467:Infinity":181,"b:468:12:468:Infinity:undefined:undefined:undefined:undefined":81,"s:468:12:468:Infinity":182,"s:468:26:468:Infinity":183,"b:471:12:483:Infinity:undefined:undefined:undefined:undefined":82,"s:471:12:483:Infinity":184,"b:471:16:471:51:471:51:471:77":83,"s:472:16:482:Infinity":185,"s:473:20:478:Infinity":186,"b:476:30:476:Infinity:477:30:477:Infinity":84,"s:481:20:481:Infinity":187,"s:485:28:490:Infinity":188,"b:488:22:488:Infinity:489:22:489:Infinity":85,"b:491:12:491:Infinity:undefined:undefined:undefined:undefined":86,"s:491:12:491:Infinity":189,"s:491:26:491:Infinity":190,"s:494:8:494:Infinity":191,"f:502:15:502:35":19,"s:503:18:503:Infinity":192,"s:504:15:504:Infinity":193,"b:504:23:504:48:504:48:504:Infinity":87,"s:506:26:510:Infinity":194,"f:510:13:510:14":20,"s:510:37:510:69":195,"b:510:37:510:46:510:46:510:69":88,"b:512:4:512:Infinity:undefined:undefined:undefined:undefined":89,"s:512:4:512:Infinity":196,"s:512:36:512:Infinity":197,"s:517:24:550:Infinity":198,"f:517:42:517:49":21,"s:518:8:549:Infinity":199,"s:519:27:519:Infinity":200,"s:520:27:520:Infinity":201,"b:522:12:532:Infinity:528:12:532:Infinity":90,"s:522:12:532:Infinity":202,"s:523:30:523:Infinity":203,"b:524:16:527:Infinity:undefined:undefined:undefined:undefined":91,"s:524:16:527:Infinity":204,"s:525:20:525:Infinity":205,"s:526:20:526:Infinity":206,"b:528:12:532:Infinity:530:12:532:Infinity":92,"s:528:12:532:Infinity":207,"s:529:16:529:Infinity":208,"b:530:12:532:Infinity:undefined:undefined:undefined:undefined":93,"s:530:12:532:Infinity":209,"s:531:16:531:Infinity":210,"b:534:12:534:Infinity:undefined:undefined:undefined:undefined":94,"s:534:12:534:Infinity":211,"s:534:27:534:Infinity":212,"b:536:12:546:Infinity:544:19:546:Infinity":95,"s:536:12:546:Infinity":213,"s:537:34:537:Infinity":214,"s:538:16:543:Infinity":215,"b:539:20:539:Infinity:undefined:undefined:undefined:undefined":96,"s:539:20:539:Infinity":216,"s:539:28:539:Infinity":217,"s:545:16:545:Infinity":218,"s:548:12:548:Infinity":219,"s:552:4:552:Infinity":220,"f:556:15:556:42":22,"s:557:18:557:Infinity":221,"s:558:15:558:Infinity":222,"b:558:23:558:48:558:48:558:Infinity":97,"s:560:26:564:Infinity":223,"f:564:13:564:14":23,"s:564:37:564:69":224,"b:564:37:564:46:564:46:564:69":98,"b:566:4:566:Infinity:undefined:undefined:undefined:undefined":99,"s:566:4:566:Infinity":225,"s:566:36:566:Infinity":226,"s:570:4:626:Infinity":227,"s:571:8:625:Infinity":228,"s:572:27:572:Infinity":229,"s:573:27:573:Infinity":230,"b:576:12:587:Infinity:582:12:587:Infinity":100,"s:576:12:587:Infinity":231,"s:577:30:577:Infinity":232,"b:578:16:581:Infinity:undefined:undefined:undefined:undefined":101,"s:578:16:581:Infinity":233,"s:579:20:579:Infinity":234,"s:580:20:580:Infinity":235,"b:582:12:587:Infinity:585:12:587:Infinity":102,"s:582:12:587:Infinity":236,"s:583:16:583:Infinity":237,"b:585:12:587:Infinity:undefined:undefined:undefined:undefined":103,"s:585:12:587:Infinity":238,"s:586:16:586:Infinity":239,"b:589:12:589:Infinity:undefined:undefined:undefined:undefined":104,"s:589:12:589:Infinity":240,"s:589:27:589:Infinity":241,"b:602:12:622:Infinity:619:19:622:Infinity":105,"s:602:12:622:Infinity":242,"s:603:34:603:Infinity":243,"s:604:16:618:Infinity":244,"b:605:20:605:Infinity:undefined:undefined:undefined:undefined":106,"s:605:20:605:Infinity":245,"s:605:28:605:Infinity":246,"b:612:20:617:Infinity:undefined:undefined:undefined:undefined":107,"s:612:20:617:Infinity":247,"s:621:16:621:Infinity":248,"s:624:12:624:Infinity":249}}}
,"C:\\Users\\USER\\Documents\\portfolio-shared\\src\\lib\\validations\\project.ts": {"path":"C:\\Users\\USER\\Documents\\portfolio-shared\\src\\lib\\validations\\project.ts","statementMap":{"0":{"start":{"line":4,"column":33},"end":{"line":12,"column":null}},"1":{"start":{"line":14,"column":31},"end":{"line":23,"column":null}},"2":{"start":{"line":25,"column":32},"end":{"line":30,"column":null}},"3":{"start":{"line":32,"column":29},"end":{"line":70,"column":null}},"4":{"start":{"line":72,"column":35},"end":{"line":80,"column":null}},"5":{"start":{"line":82,"column":35},"end":{"line":85,"column":null}}},"fnMap":{},"branchMap":{},"s":{"0":1,"1":1,"2":1,"3":1,"4":1,"5":1},"f":{},"b":{},"meta":{"lastBranch":0,"lastFunction":0,"lastStatement":6,"seen":{"s:4:33:12:Infinity":0,"s:14:31:23:Infinity":1,"s:25:32:30:Infinity":2,"s:32:29:70:Infinity":3,"s:72:35:80:Infinity":4,"s:82:35:85:Infinity":5}}}
}
